<?xml version="1.0" encoding="UTF-8"?>
<coverage generated="1735679405">
  <project timestamp="1735679405">
    <package name="Nuxtifyts\PhpDto\Attributes\Property">
      <file name="/Users/faroukbraik/Dev/php-dto/src/Attributes/Property/Aliases.php">
        <class name="Nuxtifyts\PhpDto\Attributes\Property\Aliases" namespace="Nuxtifyts\PhpDto\Attributes\Property">
          <metrics complexity="1" methods="1" coveredmethods="1" conditionals="0" coveredconditionals="0" statements="1" coveredstatements="1" elements="2" coveredelements="2"/>
        </class>
        <line num="13" type="method" name="__construct" visibility="public" complexity="1" crap="1" count="1"/>
        <line num="17" type="stmt" count="1"/>
        <metrics loc="20" ncloc="19" classes="1" methods="1" coveredmethods="1" conditionals="0" coveredconditionals="0" statements="1" coveredstatements="1" elements="2" coveredelements="2"/>
      </file>
      <file name="/Users/faroukbraik/Dev/php-dto/src/Attributes/Property/CipherTarget.php">
        <class name="Nuxtifyts\PhpDto\Attributes\Property\CipherTarget" namespace="Nuxtifyts\PhpDto\Attributes\Property">
          <metrics complexity="1" methods="1" coveredmethods="1" conditionals="0" coveredconditionals="0" statements="1" coveredstatements="1" elements="2" coveredelements="2"/>
        </class>
        <line num="14" type="method" name="__construct" visibility="public" complexity="1" crap="1" count="4"/>
        <line num="19" type="stmt" count="4"/>
        <metrics loc="21" ncloc="18" classes="1" methods="1" coveredmethods="1" conditionals="0" coveredconditionals="0" statements="1" coveredstatements="1" elements="2" coveredelements="2"/>
      </file>
      <file name="/Users/faroukbraik/Dev/php-dto/src/Attributes/Property/Computed.php">
        <class name="Nuxtifyts\PhpDto\Attributes\Property\Computed" namespace="Nuxtifyts\PhpDto\Attributes\Property">
          <metrics complexity="0" methods="0" coveredmethods="0" conditionals="0" coveredconditionals="0" statements="0" coveredstatements="0" elements="0" coveredelements="0"/>
        </class>
        <metrics loc="11" ncloc="11" classes="0" methods="0" coveredmethods="0" conditionals="0" coveredconditionals="0" statements="0" coveredstatements="0" elements="0" coveredelements="0"/>
      </file>
      <file name="/Users/faroukbraik/Dev/php-dto/src/Attributes/Property/DefaultsTo.php">
        <class name="Nuxtifyts\PhpDto\Attributes\Property\DefaultsTo" namespace="Nuxtifyts\PhpDto\Attributes\Property">
          <metrics complexity="4" methods="1" coveredmethods="1" conditionals="0" coveredconditionals="0" statements="5" coveredstatements="5" elements="6" coveredelements="6"/>
        </class>
        <line num="25" type="method" name="__construct" visibility="public" complexity="4" crap="4" count="4"/>
        <line num="28" type="stmt" count="4"/>
        <line num="30" type="stmt" count="2"/>
        <line num="32" type="stmt" count="2"/>
        <line num="33" type="stmt" count="1"/>
        <line num="36" type="stmt" count="1"/>
        <metrics loc="41" ncloc="32" classes="1" methods="1" coveredmethods="1" conditionals="0" coveredconditionals="0" statements="5" coveredstatements="5" elements="6" coveredelements="6"/>
      </file>
      <file name="/Users/faroukbraik/Dev/php-dto/src/Attributes/Property/WithRefiner.php">
        <class name="Nuxtifyts\PhpDto\Attributes\Property\WithRefiner" namespace="Nuxtifyts\PhpDto\Attributes\Property">
          <metrics complexity="2" methods="2" coveredmethods="2" conditionals="0" coveredconditionals="0" statements="2" coveredstatements="2" elements="4" coveredelements="4"/>
        </class>
        <line num="17" type="method" name="__construct" visibility="public" complexity="1" crap="1" count="1"/>
        <line num="21" type="stmt" count="1"/>
        <line num="24" type="method" name="getRefiner" visibility="public" complexity="1" crap="1" count="1"/>
        <line num="26" type="stmt" count="1"/>
        <metrics loc="29" ncloc="25" classes="1" methods="2" coveredmethods="2" conditionals="0" coveredconditionals="0" statements="2" coveredstatements="2" elements="4" coveredelements="4"/>
      </file>
    </package>
    <package name="Nuxtifyts\PhpDto\Attributes\Property\Types">
      <file name="/Users/faroukbraik/Dev/php-dto/src/Attributes/Property/Types/ArrayOfBackedEnums.php">
        <class name="Nuxtifyts\PhpDto\Attributes\Property\Types\ArrayOfBackedEnums" namespace="Nuxtifyts\PhpDto\Attributes\Property\Types">
          <metrics complexity="7" methods="1" coveredmethods="1" conditionals="0" coveredconditionals="0" statements="17" coveredstatements="17" elements="18" coveredelements="18"/>
        </class>
        <line num="25" type="method" name="__construct" visibility="public" complexity="7" crap="7" count="7"/>
        <line num="28" type="stmt" count="7"/>
        <line num="30" type="stmt" count="7"/>
        <line num="31" type="stmt" count="1"/>
        <line num="32" type="stmt" count="1"/>
        <line num="33" type="stmt" count="1"/>
        <line num="35" type="stmt" count="6"/>
        <line num="36" type="stmt" count="6"/>
        <line num="37" type="stmt" count="2"/>
        <line num="38" type="stmt" count="2"/>
        <line num="39" type="stmt" count="2"/>
        <line num="45" type="stmt" count="4"/>
        <line num="47" type="stmt" count="4"/>
        <line num="48" type="stmt" count="1"/>
        <line num="49" type="stmt" count="1"/>
        <line num="50" type="stmt" count="1"/>
        <line num="53" type="stmt" count="3"/>
        <line num="57" type="stmt" count="3"/>
        <metrics loc="60" ncloc="51" classes="1" methods="1" coveredmethods="1" conditionals="0" coveredconditionals="0" statements="17" coveredstatements="17" elements="18" coveredelements="18"/>
      </file>
      <file name="/Users/faroukbraik/Dev/php-dto/src/Attributes/Property/Types/ArrayOfData.php">
        <class name="Nuxtifyts\PhpDto\Attributes\Property\Types\ArrayOfData" namespace="Nuxtifyts\PhpDto\Attributes\Property\Types">
          <metrics complexity="8" methods="1" coveredmethods="1" conditionals="0" coveredconditionals="0" statements="21" coveredstatements="21" elements="22" coveredelements="22"/>
        </class>
        <line num="27" type="method" name="__construct" visibility="public" complexity="8" crap="8" count="6"/>
        <line num="31" type="stmt" count="6"/>
        <line num="33" type="stmt" count="6"/>
        <line num="34" type="stmt" count="1"/>
        <line num="35" type="stmt" count="1"/>
        <line num="36" type="stmt" count="1"/>
        <line num="38" type="stmt" count="5"/>
        <line num="39" type="stmt" count="5"/>
        <line num="40" type="stmt" count="1"/>
        <line num="41" type="stmt" count="1"/>
        <line num="42" type="stmt" count="1"/>
        <line num="48" type="stmt" count="4"/>
        <line num="50" type="stmt" count="4"/>
        <line num="51" type="stmt" count="1"/>
        <line num="52" type="stmt" count="1"/>
        <line num="53" type="stmt" count="1"/>
        <line num="56" type="stmt" count="3"/>
        <line num="60" type="stmt" count="3"/>
        <line num="61" type="stmt" count="3"/>
        <line num="62" type="stmt" count="3"/>
        <line num="63" type="stmt" count="3"/>
        <line num="64" type="stmt" count="3"/>
        <metrics loc="68" ncloc="59" classes="1" methods="1" coveredmethods="1" conditionals="0" coveredconditionals="0" statements="21" coveredstatements="21" elements="22" coveredelements="22"/>
      </file>
      <file name="/Users/faroukbraik/Dev/php-dto/src/Attributes/Property/Types/ArrayOfDateTimes.php">
        <class name="Nuxtifyts\PhpDto\Attributes\Property\Types\ArrayOfDateTimes" namespace="Nuxtifyts\PhpDto\Attributes\Property\Types">
          <metrics complexity="9" methods="1" coveredmethods="1" conditionals="0" coveredconditionals="0" statements="21" coveredstatements="21" elements="22" coveredelements="22"/>
        </class>
        <line num="28" type="method" name="__construct" visibility="public" complexity="9" crap="9" count="6"/>
        <line num="32" type="stmt" count="6"/>
        <line num="34" type="stmt" count="6"/>
        <line num="35" type="stmt" count="1"/>
        <line num="36" type="stmt" count="1"/>
        <line num="37" type="stmt" count="1"/>
        <line num="39" type="stmt" count="5"/>
        <line num="40" type="stmt" count="5"/>
        <line num="41" type="stmt" count="1"/>
        <line num="42" type="stmt" count="1"/>
        <line num="43" type="stmt" count="1"/>
        <line num="49" type="stmt" count="4"/>
        <line num="51" type="stmt" count="4"/>
        <line num="52" type="stmt" count="1"/>
        <line num="53" type="stmt" count="1"/>
        <line num="54" type="stmt" count="1"/>
        <line num="57" type="stmt" count="3"/>
        <line num="61" type="stmt" count="3"/>
        <line num="62" type="stmt" count="3"/>
        <line num="63" type="stmt" count="3"/>
        <line num="64" type="stmt" count="3"/>
        <line num="65" type="stmt" count="3"/>
        <metrics loc="69" ncloc="60" classes="1" methods="1" coveredmethods="1" conditionals="0" coveredconditionals="0" statements="21" coveredstatements="21" elements="22" coveredelements="22"/>
      </file>
      <file name="/Users/faroukbraik/Dev/php-dto/src/Attributes/Property/Types/ArrayOfScalarTypes.php">
        <class name="Nuxtifyts\PhpDto\Attributes\Property\Types\ArrayOfScalarTypes" namespace="Nuxtifyts\PhpDto\Attributes\Property\Types">
          <metrics complexity="3" methods="1" coveredmethods="1" conditionals="0" coveredconditionals="0" statements="9" coveredstatements="9" elements="10" coveredelements="10"/>
        </class>
        <line num="18" type="method" name="__construct" visibility="public" complexity="3" crap="3" count="7"/>
        <line num="21" type="stmt" count="7"/>
        <line num="24" type="stmt" count="7"/>
        <line num="25" type="stmt" count="7"/>
        <line num="26" type="stmt" count="7"/>
        <line num="27" type="stmt" count="7"/>
        <line num="29" type="stmt" count="1"/>
        <line num="30" type="stmt" count="1"/>
        <line num="31" type="stmt" count="1"/>
        <line num="34" type="stmt" count="6"/>
        <metrics loc="37" ncloc="33" classes="1" methods="1" coveredmethods="1" conditionals="0" coveredconditionals="0" statements="9" coveredstatements="9" elements="10" coveredelements="10"/>
      </file>
    </package>
    <package name="Nuxtifyts\PhpDto\Concerns">
      <file name="/Users/faroukbraik/Dev/php-dto/src/Concerns/BaseData.php">
        <class name="Nuxtifyts\PhpDto\Concerns\BaseData" namespace="Nuxtifyts\PhpDto\Concerns">
          <metrics complexity="19" methods="7" coveredmethods="7" conditionals="0" coveredconditionals="0" statements="53" coveredstatements="53" elements="60" coveredelements="60"/>
        </class>
        <line num="22" type="method" name="create" visibility="public" complexity="4" crap="4" count="2"/>
        <line num="25" type="stmt" count="2"/>
        <line num="26" type="stmt" count="2"/>
        <line num="28" type="stmt" count="2"/>
        <line num="29" type="stmt" count="1"/>
        <line num="33" type="stmt" count="1"/>
        <line num="35" type="stmt" count="1"/>
        <line num="36" type="stmt" count="1"/>
        <line num="37" type="stmt" count="1"/>
        <line num="38" type="stmt" count="1"/>
        <line num="39" type="stmt" count="1"/>
        <line num="40" type="stmt" count="1"/>
        <line num="42" type="stmt" count="1"/>
        <line num="43" type="stmt" count="1"/>
        <line num="44" type="stmt" count="1"/>
        <line num="51" type="method" name="from" visibility="public" complexity="4" crap="4" count="29"/>
        <line num="54" type="stmt" count="29"/>
        <line num="56" type="stmt" count="29"/>
        <line num="57" type="stmt" count="1"/>
        <line num="61" type="stmt" count="28"/>
        <line num="63" type="stmt" count="28"/>
        <line num="64" type="stmt" count="28"/>
        <line num="65" type="stmt" count="28"/>
        <line num="66" type="stmt" count="28"/>
        <line num="67" type="stmt" count="28"/>
        <line num="68" type="stmt" count="28"/>
        <line num="70" type="stmt" count="28"/>
        <line num="71" type="stmt" count="5"/>
        <line num="72" type="stmt" count="27"/>
        <line num="73" type="stmt" count="3"/>
        <line num="74" type="stmt" count="3"/>
        <line num="84" type="method" name="instanceWithoutConstructorFrom" visibility="protected" complexity="2" crap="2" count="24"/>
        <line num="86" type="stmt" count="24"/>
        <line num="88" type="stmt" count="24"/>
        <line num="89" type="stmt" count="24"/>
        <line num="91" type="stmt" count="24"/>
        <line num="94" type="stmt" count="24"/>
        <line num="103" type="method" name="instanceWithConstructorCallFrom" visibility="protected" complexity="3" crap="3" count="6"/>
        <line num="106" type="stmt" count="6"/>
        <line num="108" type="stmt" count="6"/>
        <line num="109" type="stmt" count="6"/>
        <line num="111" type="stmt" count="6"/>
        <line num="112" type="stmt" count="1"/>
        <line num="115" type="stmt" count="6"/>
        <line num="118" type="stmt" count="5"/>
        <line num="126" type="method" name="jsonSerialize" visibility="public" complexity="4" crap="4" count="29"/>
        <line num="129" type="stmt" count="29"/>
        <line num="131" type="stmt" count="29"/>
        <line num="132" type="stmt" count="29"/>
        <line num="133" type="stmt" count="29"/>
        <line num="134" type="stmt" count="4"/>
        <line num="137" type="stmt" count="29"/>
        <line num="139" type="stmt" count="29"/>
        <line num="142" type="stmt" count="28"/>
        <line num="143" type="stmt" count="1"/>
        <line num="144" type="stmt" count="1"/>
        <line num="151" type="method" name="toArray" visibility="public" complexity="1" crap="1" count="4"/>
        <line num="153" type="stmt" count="4"/>
        <line num="156" type="method" name="toJson" visibility="public" complexity="1" crap="1" count="1"/>
        <line num="158" type="stmt" count="1"/>
        <metrics loc="161" ncloc="132" classes="1" methods="7" coveredmethods="7" conditionals="0" coveredconditionals="0" statements="53" coveredstatements="53" elements="60" coveredelements="60"/>
      </file>
      <file name="/Users/faroukbraik/Dev/php-dto/src/Concerns/CloneableData.php">
        <class name="Nuxtifyts\PhpDto\Concerns\CloneableData" namespace="Nuxtifyts\PhpDto\Concerns">
          <metrics complexity="13" methods="3" coveredmethods="3" conditionals="0" coveredconditionals="0" statements="28" coveredstatements="28" elements="31" coveredelements="31"/>
        </class>
        <line num="18" type="method" name="with" visibility="public" complexity="6" crap="6" count="11"/>
        <line num="21" type="stmt" count="11"/>
        <line num="22" type="stmt" count="1"/>
        <line num="25" type="stmt" count="10"/>
        <line num="26" type="stmt" count="3"/>
        <line num="28" type="stmt" count="10"/>
        <line num="29" type="stmt" count="1"/>
        <line num="33" type="stmt" count="9"/>
        <line num="35" type="stmt" count="9"/>
        <line num="36" type="stmt" count="7"/>
        <line num="37" type="stmt" count="7"/>
        <line num="38" type="stmt" count="4"/>
        <line num="39" type="stmt" count="4"/>
        <line num="49" type="method" name="cloneInstanceWithConstructorCall" visibility="protected" complexity="4" crap="4" count="7"/>
        <line num="52" type="stmt" count="7"/>
        <line num="54" type="stmt" count="7"/>
        <line num="55" type="stmt" count="7"/>
        <line num="57" type="stmt" count="7"/>
        <line num="58" type="stmt" count="1"/>
        <line num="61" type="stmt" count="7"/>
        <line num="62" type="stmt" count="6"/>
        <line num="63" type="stmt" count="5"/>
        <line num="66" type="stmt" count="6"/>
        <line num="75" type="method" name="cloneInstanceWithoutConstructorCall" visibility="protected" complexity="3" crap="3" count="2"/>
        <line num="77" type="stmt" count="2"/>
        <line num="79" type="stmt" count="2"/>
        <line num="80" type="stmt" count="2"/>
        <line num="81" type="stmt" count="2"/>
        <line num="82" type="stmt" count="2"/>
        <line num="83" type="stmt" count="2"/>
        <line num="86" type="stmt" count="2"/>
        <metrics loc="89" ncloc="72" classes="1" methods="3" coveredmethods="3" conditionals="0" coveredconditionals="0" statements="28" coveredstatements="28" elements="31" coveredelements="31"/>
      </file>
      <file name="/Users/faroukbraik/Dev/php-dto/src/Concerns/EmptyData.php">
        <class name="Nuxtifyts\PhpDto\Concerns\EmptyData" namespace="Nuxtifyts\PhpDto\Concerns">
          <metrics complexity="2" methods="1" coveredmethods="1" conditionals="0" coveredconditionals="0" statements="4" coveredstatements="4" elements="5" coveredelements="5"/>
        </class>
        <line num="15" type="method" name="empty" visibility="public" complexity="2" crap="2" count="10"/>
        <line num="19" type="stmt" count="10"/>
        <line num="21" type="stmt" count="10"/>
        <line num="22" type="stmt" count="1"/>
        <line num="23" type="stmt" count="1"/>
        <metrics loc="27" ncloc="23" classes="1" methods="1" coveredmethods="1" conditionals="0" coveredconditionals="0" statements="4" coveredstatements="4" elements="5" coveredelements="5"/>
      </file>
    </package>
    <file name="/Users/faroukbraik/Dev/php-dto/src/Configuration/Configuration.php">
      <metrics loc="19" ncloc="14" classes="0" methods="0" coveredmethods="0" conditionals="0" coveredconditionals="0" statements="0" coveredstatements="0" elements="0" coveredelements="0"/>
    </file>
    <package name="Nuxtifyts\PhpDto\Configuration">
      <file name="/Users/faroukbraik/Dev/php-dto/src/Configuration/DataConfiguration.php">
        <class name="Nuxtifyts\PhpDto\Configuration\DataConfiguration" namespace="Nuxtifyts\PhpDto\Configuration">
          <metrics complexity="4" methods="2" coveredmethods="2" conditionals="0" coveredconditionals="0" statements="13" coveredstatements="13" elements="15" coveredelements="15"/>
        </class>
        <line num="12" type="method" name="__construct" visibility="protected" complexity="1" crap="1" count="2"/>
        <line num="16" type="stmt" count="2"/>
        <line num="23" type="method" name="getInstance" visibility="public" complexity="3" crap="3" count="12"/>
        <line num="27" type="stmt" count="12"/>
        <line num="28" type="stmt" count="10"/>
        <line num="31" type="stmt" count="4"/>
        <line num="32" type="stmt" count="4"/>
        <line num="33" type="stmt" count="4"/>
        <line num="34" type="stmt" count="4"/>
        <line num="35" type="stmt" count="4"/>
        <line num="36" type="stmt" count="4"/>
        <line num="37" type="stmt" count="4"/>
        <line num="38" type="stmt" count="4"/>
        <line num="39" type="stmt" count="4"/>
        <line num="40" type="stmt" count="4"/>
        <metrics loc="43" ncloc="38" classes="1" methods="2" coveredmethods="2" conditionals="0" coveredconditionals="0" statements="13" coveredstatements="13" elements="15" coveredelements="15"/>
      </file>
      <file name="/Users/faroukbraik/Dev/php-dto/src/Configuration/NormalizersConfiguration.php">
        <class name="Nuxtifyts\PhpDto\Configuration\NormalizersConfiguration" namespace="Nuxtifyts\PhpDto\Configuration">
          <metrics complexity="6" methods="2" coveredmethods="1" conditionals="0" coveredconditionals="0" statements="14" coveredstatements="13" elements="16" coveredelements="14"/>
        </class>
        <line num="20" type="method" name="__construct" visibility="protected" complexity="1" crap="1" count="2"/>
        <line num="28" type="stmt" count="2"/>
        <line num="35" type="method" name="getInstance" visibility="public" complexity="5" crap="5.01" count="3"/>
        <line num="39" type="stmt" count="3"/>
        <line num="40" type="stmt" count="0"/>
        <line num="43" type="stmt" count="3"/>
        <line num="44" type="stmt" count="3"/>
        <line num="45" type="stmt" count="3"/>
        <line num="46" type="stmt" count="3"/>
        <line num="47" type="stmt" count="3"/>
        <line num="51" type="stmt" count="3"/>
        <line num="52" type="stmt" count="3"/>
        <line num="54" type="stmt" count="1"/>
        <line num="58" type="stmt" count="2"/>
        <line num="59" type="stmt" count="2"/>
        <line num="60" type="stmt" count="2"/>
        <metrics loc="63" ncloc="54" classes="1" methods="2" coveredmethods="1" conditionals="0" coveredconditionals="0" statements="14" coveredstatements="13" elements="16" coveredelements="14"/>
      </file>
      <file name="/Users/faroukbraik/Dev/php-dto/src/Configuration/SerializersConfiguration.php">
        <class name="Nuxtifyts\PhpDto\Configuration\SerializersConfiguration" namespace="Nuxtifyts\PhpDto\Configuration">
          <metrics complexity="6" methods="2" coveredmethods="1" conditionals="0" coveredconditionals="0" statements="15" coveredstatements="14" elements="17" coveredelements="15"/>
        </class>
        <line num="21" type="method" name="__construct" visibility="protected" complexity="1" crap="1" count="3"/>
        <line num="30" type="stmt" count="3"/>
        <line num="37" type="method" name="getInstance" visibility="public" complexity="5" crap="5.01" count="4"/>
        <line num="41" type="stmt" count="4"/>
        <line num="42" type="stmt" count="0"/>
        <line num="45" type="stmt" count="4"/>
        <line num="46" type="stmt" count="4"/>
        <line num="47" type="stmt" count="4"/>
        <line num="48" type="stmt" count="4"/>
        <line num="49" type="stmt" count="4"/>
        <line num="50" type="stmt" count="4"/>
        <line num="54" type="stmt" count="4"/>
        <line num="55" type="stmt" count="4"/>
        <line num="57" type="stmt" count="1"/>
        <line num="61" type="stmt" count="3"/>
        <line num="62" type="stmt" count="3"/>
        <line num="63" type="stmt" count="3"/>
        <metrics loc="66" ncloc="57" classes="1" methods="2" coveredmethods="1" conditionals="0" coveredconditionals="0" statements="15" coveredstatements="14" elements="17" coveredelements="15"/>
      </file>
    </package>
    <package name="Nuxtifyts\PhpDto\Contexts">
      <file name="/Users/faroukbraik/Dev/php-dto/src/Contexts/ClassContext.php">
        <class name="Nuxtifyts\PhpDto\Contexts\ClassContext" namespace="Nuxtifyts\PhpDto\Contexts">
          <metrics complexity="10" methods="7" coveredmethods="7" conditionals="0" coveredconditionals="0" statements="21" coveredstatements="21" elements="28" coveredelements="28"/>
        </class>
        <line num="38" type="method" name="__construct" visibility="private" complexity="1" crap="1" count="9"/>
        <line num="41" type="stmt" count="9"/>
        <line num="42" type="stmt" count="9"/>
        <line num="43" type="stmt" count="9"/>
        <line num="44" type="stmt" count="9"/>
        <line num="45" type="stmt" count="9"/>
        <line num="62" type="method" name="getInstance" visibility="public" complexity="1" crap="1" count="20"/>
        <line num="64" type="stmt" count="20"/>
        <line num="65" type="stmt" count="20"/>
        <line num="71" type="method" name="getKey" visibility="private" complexity="1" crap="1" count="20"/>
        <line num="73" type="stmt" count="20"/>
        <line num="83" type="method" name="getPropertyContexts" visibility="private" complexity="2" crap="2" count="9"/>
        <line num="85" type="stmt" count="9"/>
        <line num="87" type="stmt" count="9"/>
        <line num="88" type="stmt" count="9"/>
        <line num="91" type="stmt" count="9"/>
        <line num="99" type="method" name="newInstanceWithoutConstructor" visibility="public" complexity="1" crap="1" count="5"/>
        <line num="101" type="stmt" count="5"/>
        <line num="109" type="method" name="newInstanceWithConstructorCall" visibility="public" complexity="1" crap="1" count="13"/>
        <line num="111" type="stmt" count="13"/>
        <line num="121" type="method" name="emptyValue" visibility="public" complexity="3" crap="3" count="10"/>
        <line num="124" type="stmt" count="10"/>
        <line num="126" type="stmt" count="10"/>
        <line num="127" type="stmt" count="10"/>
        <line num="129" type="stmt" count="10"/>
        <line num="130" type="stmt" count="1"/>
        <line num="133" type="stmt" count="9"/>
        <line num="136" type="stmt" count="9"/>
        <metrics loc="139" ncloc="88" classes="1" methods="7" coveredmethods="7" conditionals="0" coveredconditionals="0" statements="21" coveredstatements="21" elements="28" coveredelements="28"/>
      </file>
      <file name="/Users/faroukbraik/Dev/php-dto/src/Contexts/PropertyContext.php">
        <class name="Nuxtifyts\PhpDto\Contexts\PropertyContext" namespace="Nuxtifyts\PhpDto\Contexts">
          <metrics complexity="37" methods="11" coveredmethods="9" conditionals="0" coveredconditionals="0" statements="88" coveredstatements="82" elements="99" coveredelements="91"/>
        </class>
        <line num="64" type="method" name="__construct" visibility="private" complexity="1" crap="1" count="61"/>
        <line num="67" type="stmt" count="61"/>
        <line num="68" type="stmt" count="60"/>
        <line num="93" type="method" name="getInstance" visibility="public" complexity="1" crap="1" count="78"/>
        <line num="95" type="stmt" count="78"/>
        <line num="96" type="stmt" count="78"/>
        <line num="99" type="method" name="getKey" visibility="private" complexity="1" crap="1" count="78"/>
        <line num="101" type="stmt" count="78"/>
        <line num="104" type="method" name="syncPropertyAttributes" visibility="private" complexity="6" crap="6" count="60"/>
        <line num="106" type="stmt" count="60"/>
        <line num="108" type="stmt" count="60"/>
        <line num="110" type="stmt" count="1"/>
        <line num="113" type="stmt" count="60"/>
        <line num="115" type="stmt" count="1"/>
        <line num="118" type="stmt" count="60"/>
        <line num="120" type="stmt" count="4"/>
        <line num="122" type="stmt" count="4"/>
        <line num="123" type="stmt" count="4"/>
        <line num="124" type="stmt" count="4"/>
        <line num="125" type="stmt" count="4"/>
        <line num="126" type="stmt" count="4"/>
        <line num="129" type="stmt" count="60"/>
        <line num="131" type="stmt" count="3"/>
        <line num="133" type="stmt" count="3"/>
        <line num="134" type="stmt" count="3"/>
        <line num="135" type="stmt" count="3"/>
        <line num="136" type="stmt" count="3"/>
        <line num="140" type="method" name="getValue" visibility="public" complexity="1" crap="1" count="34"/>
        <line num="142" type="stmt" count="34"/>
        <line num="148" type="method" name="getFilteredTypeContexts" visibility="public" complexity="1" crap="1" count="36"/>
        <line num="150" type="stmt" count="36"/>
        <line num="151" type="stmt" count="36"/>
        <line num="152" type="stmt" count="36"/>
        <line num="153" type="stmt" count="36"/>
        <line num="154" type="stmt" count="36"/>
        <line num="155" type="stmt" count="36"/>
        <line num="156" type="stmt" count="36"/>
        <line num="162" type="method" name="getFilteredSubTypeContexts" visibility="public" complexity="1" crap="1" count="14"/>
        <line num="164" type="stmt" count="14"/>
        <line num="165" type="stmt" count="14"/>
        <line num="166" type="stmt" count="14"/>
        <line num="167" type="stmt" count="14"/>
        <line num="168" type="stmt" count="14"/>
        <line num="169" type="stmt" count="14"/>
        <line num="170" type="stmt" count="14"/>
        <line num="179" type="method" name="resolveSerializers" visibility="protected" complexity="1" crap="1" count="12"/>
        <line num="181" type="stmt" count="12"/>
        <line num="191" type="method" name="deserializeFrom" visibility="public" complexity="3" crap="3" count="17"/>
        <line num="193" type="stmt" count="17"/>
        <line num="195" type="stmt" count="17"/>
        <line num="196" type="stmt" count="1"/>
        <line num="200" type="stmt" count="1"/>
        <line num="208" type="method" name="serializeFrom" visibility="public" complexity="6" crap="6.47" count="16"/>
        <line num="211" type="stmt" count="16"/>
        <line num="213" type="stmt" count="16"/>
        <line num="214" type="stmt" count="0"/>
        <line num="218" type="stmt" count="16"/>
        <line num="219" type="stmt" count="0"/>
        <line num="222" type="stmt" count="16"/>
        <line num="223" type="stmt" count="3"/>
        <line num="224" type="stmt" count="3"/>
        <line num="225" type="stmt" count="3"/>
        <line num="226" type="stmt" count="3"/>
        <line num="227" type="stmt" count="3"/>
        <line num="228" type="stmt" count="3"/>
        <line num="229" type="stmt" count="3"/>
        <line num="230" type="stmt" count="3"/>
        <line num="233" type="stmt" count="14"/>
        <line num="234" type="stmt" count="0"/>
        <line num="235" type="stmt" count="0"/>
        <line num="244" type="method" name="emptyValue" visibility="public" complexity="15" crap="15.08" count="9"/>
        <line num="246" type="stmt" count="9"/>
        <line num="247" type="stmt" count="5"/>
        <line num="250" type="stmt" count="8"/>
        <line num="251" type="stmt" count="0"/>
        <line num="255" type="stmt" count="8"/>
        <line num="256" type="stmt" count="4"/>
        <line num="258" type="stmt" count="8"/>
        <line num="259" type="stmt" count="1"/>
        <line num="261" type="stmt" count="8"/>
        <line num="262" type="stmt" count="1"/>
        <line num="264" type="stmt" count="8"/>
        <line num="265" type="stmt" count="1"/>
        <line num="267" type="stmt" count="7"/>
        <line num="268" type="stmt" count="2"/>
        <line num="270" type="stmt" count="5"/>
        <line num="272" type="stmt" count="1"/>
        <line num="274" type="stmt" count="1"/>
        <line num="275" type="stmt" count="0"/>
        <line num="276" type="stmt" count="1"/>
        <line num="278" type="stmt" count="4"/>
        <line num="280" type="stmt" count="2"/>
        <line num="282" type="stmt" count="2"/>
        <line num="283" type="stmt" count="2"/>
        <line num="284" type="stmt" count="2"/>
        <line num="288" type="stmt" count="2"/>
        <line num="290" type="stmt" count="2"/>
        <line num="291" type="stmt" count="2"/>
        <line num="292" type="stmt" count="2"/>
        <metrics loc="296" ncloc="243" classes="1" methods="11" coveredmethods="9" conditionals="0" coveredconditionals="0" statements="88" coveredstatements="82" elements="99" coveredelements="91"/>
      </file>
      <file name="/Users/faroukbraik/Dev/php-dto/src/Contexts/TypeContext.php">
        <class name="Nuxtifyts\PhpDto\Contexts\TypeContext" namespace="Nuxtifyts\PhpDto\Contexts">
          <metrics complexity="31" methods="7" coveredmethods="4" conditionals="0" coveredconditionals="0" statements="73" coveredstatements="65" elements="80" coveredelements="69"/>
        </class>
        <line num="56" type="method" name="__construct" visibility="protected" complexity="1" crap="1" count="36"/>
        <line num="61" type="stmt" count="36"/>
        <line num="68" type="method" name="getInstances" visibility="public" complexity="12" crap="12" count="37"/>
        <line num="70" type="stmt" count="37"/>
        <line num="71" type="stmt" count="37"/>
        <line num="73" type="stmt" count="37"/>
        <line num="75" type="stmt" count="37"/>
        <line num="76" type="stmt" count="1"/>
        <line num="77" type="stmt" count="1"/>
        <line num="78" type="stmt" count="36"/>
        <line num="79" type="stmt" count="2"/>
        <line num="80" type="stmt" count="2"/>
        <line num="81" type="stmt" count="34"/>
        <line num="82" type="stmt" count="1"/>
        <line num="83" type="stmt" count="1"/>
        <line num="84" type="stmt" count="33"/>
        <line num="85" type="stmt" count="4"/>
        <line num="86" type="stmt" count="4"/>
        <line num="87" type="stmt" count="30"/>
        <line num="88" type="stmt" count="0"/>
        <line num="89" type="stmt" count="30"/>
        <line num="90" type="stmt" count="2"/>
        <line num="91" type="stmt" count="2"/>
        <line num="92" type="stmt" count="2"/>
        <line num="93" type="stmt" count="2"/>
        <line num="94" type="stmt" count="2"/>
        <line num="95" type="stmt" count="29"/>
        <line num="96" type="stmt" count="5"/>
        <line num="97" type="stmt" count="5"/>
        <line num="98" type="stmt" count="5"/>
        <line num="99" type="stmt" count="5"/>
        <line num="100" type="stmt" count="5"/>
        <line num="101" type="stmt" count="24"/>
        <line num="102" type="stmt" count="1"/>
        <line num="103" type="stmt" count="1"/>
        <line num="104" type="stmt" count="1"/>
        <line num="105" type="stmt" count="1"/>
        <line num="106" type="stmt" count="1"/>
        <line num="107" type="stmt" count="23"/>
        <line num="108" type="stmt" count="22"/>
        <line num="109" type="stmt" count="22"/>
        <line num="110" type="stmt" count="22"/>
        <line num="111" type="stmt" count="22"/>
        <line num="112" type="stmt" count="22"/>
        <line num="114" type="stmt" count="1"/>
        <line num="118" type="stmt" count="36"/>
        <line num="124" type="method" name="resolvesReflectionEnum" visibility="private" complexity="3" crap="3" count="30"/>
        <line num="126" type="stmt" count="30"/>
        <line num="131" type="stmt" count="2"/>
        <line num="133" type="stmt" count="2"/>
        <line num="134" type="stmt" count="2"/>
        <line num="136" type="stmt" count="2"/>
        <line num="140" type="stmt" count="29"/>
        <line num="146" type="method" name="resolvesDateTime" visibility="private" complexity="5" crap="5" count="29"/>
        <line num="149" type="stmt" count="29"/>
        <line num="154" type="stmt" count="6"/>
        <line num="156" type="stmt" count="6"/>
        <line num="157" type="stmt" count="5"/>
        <line num="159" type="stmt" count="29"/>
        <line num="167" type="stmt" count="24"/>
        <line num="173" type="method" name="resolvesData" visibility="private" complexity="4" crap="4.07" count="24"/>
        <line num="176" type="stmt" count="24"/>
        <line num="181" type="stmt" count="1"/>
        <line num="183" type="stmt" count="1"/>
        <line num="184" type="stmt" count="24"/>
        <line num="187" type="stmt" count="0"/>
        <line num="190" type="stmt" count="23"/>
        <line num="199" type="method" name="getPropertyStringTypes" visibility="private" complexity="5" crap="10.40" count="37"/>
        <line num="202" type="stmt" count="37"/>
        <line num="203" type="stmt" count="37"/>
        <line num="204" type="stmt" count="37"/>
        <line num="205" type="stmt" count="0"/>
        <line num="206" type="stmt" count="0"/>
        <line num="207" type="stmt" count="0"/>
        <line num="208" type="stmt" count="0"/>
        <line num="209" type="stmt" count="0"/>
        <line num="210" type="stmt" count="0"/>
        <line num="211" type="stmt" count="37"/>
        <line num="221" type="method" name="resolveSerializers" visibility="protected" complexity="1" crap="1" count="8"/>
        <line num="223" type="stmt" count="8"/>
        <metrics loc="226" ncloc="175" classes="1" methods="7" coveredmethods="4" conditionals="0" coveredconditionals="0" statements="73" coveredstatements="65" elements="80" coveredelements="69"/>
      </file>
    </package>
    <package name="Nuxtifyts\PhpDto\Contexts\Concerns">
      <file name="/Users/faroukbraik/Dev/php-dto/src/Contexts/Concerns/HasTypes.php">
        <class name="Nuxtifyts\PhpDto\Contexts\Concerns\HasTypes" namespace="Nuxtifyts\PhpDto\Contexts\Concerns">
          <metrics complexity="1" methods="1" coveredmethods="1" conditionals="0" coveredconditionals="0" statements="2" coveredstatements="2" elements="3" coveredelements="3"/>
        </class>
        <line num="28" type="method" name="syncTypesFromReflectionProperty" visibility="protected" complexity="1" crap="1" count="61"/>
        <line num="30" type="stmt" count="61"/>
        <line num="31" type="stmt" count="61"/>
        <metrics loc="34" ncloc="29" classes="1" methods="1" coveredmethods="1" conditionals="0" coveredconditionals="0" statements="2" coveredstatements="2" elements="3" coveredelements="3"/>
      </file>
    </package>
    <package name="Nuxtifyts\PhpDto\Contexts\TypeContext">
      <file name="/Users/faroukbraik/Dev/php-dto/src/Contexts/TypeContext/ResolvesArraySubContexts.php">
        <class name="Nuxtifyts\PhpDto\Contexts\TypeContext\ResolvesArraySubContexts" namespace="Nuxtifyts\PhpDto\Contexts\TypeContext">
          <metrics complexity="19" methods="6" coveredmethods="3" conditionals="0" coveredconditionals="0" statements="51" coveredstatements="44" elements="57" coveredelements="47"/>
        </class>
        <line num="22" type="method" name="resolveSubContextsForArray" visibility="protected" complexity="8" crap="8.02" count="22"/>
        <line num="24" type="stmt" count="22"/>
        <line num="26" type="stmt" count="22"/>
        <line num="27" type="stmt" count="22"/>
        <line num="28" type="stmt" count="22"/>
        <line num="30" type="stmt" count="22"/>
        <line num="31" type="stmt" count="22"/>
        <line num="32" type="stmt" count="22"/>
        <line num="33" type="stmt" count="22"/>
        <line num="34" type="stmt" count="13"/>
        <line num="35" type="stmt" count="8"/>
        <line num="36" type="stmt" count="4"/>
        <line num="37" type="stmt" count="0"/>
        <line num="38" type="stmt" count="22"/>
        <line num="39" type="stmt" count="22"/>
        <line num="43" type="stmt" count="22"/>
        <line num="49" type="method" name="resolveSubContextsForArrayOfScalarTypes" visibility="private" complexity="3" crap="3.47" count="10"/>
        <line num="51" type="stmt" count="10"/>
        <line num="53" type="stmt" count="10"/>
        <line num="54" type="stmt" count="10"/>
        <line num="55" type="stmt" count="0"/>
        <line num="56" type="stmt" count="0"/>
        <line num="57" type="stmt" count="0"/>
        <line num="60" type="stmt" count="10"/>
        <line num="63" type="stmt" count="10"/>
        <line num="69" type="method" name="resolveSubContextsForArrayOfBackedEnums" visibility="private" complexity="3" crap="3.24" count="5"/>
        <line num="71" type="stmt" count="5"/>
        <line num="73" type="stmt" count="5"/>
        <line num="74" type="stmt" count="5"/>
        <line num="75" type="stmt" count="5"/>
        <line num="77" type="stmt" count="5"/>
        <line num="78" type="stmt" count="0"/>
        <line num="79" type="stmt" count="0"/>
        <line num="80" type="stmt" count="0"/>
        <line num="83" type="stmt" count="5"/>
        <line num="86" type="stmt" count="5"/>
        <line num="90" type="method" name="resolveSubContextsForArrayOfDateTimes" visibility="private" complexity="2" crap="2" count="4"/>
        <line num="92" type="stmt" count="4"/>
        <line num="94" type="stmt" count="4"/>
        <line num="95" type="stmt" count="4"/>
        <line num="96" type="stmt" count="4"/>
        <line num="98" type="stmt" count="4"/>
        <line num="101" type="stmt" count="4"/>
        <line num="105" type="method" name="resolveSubContextsForArrayOfData" visibility="private" complexity="2" crap="2" count="4"/>
        <line num="107" type="stmt" count="4"/>
        <line num="109" type="stmt" count="4"/>
        <line num="110" type="stmt" count="4"/>
        <line num="111" type="stmt" count="4"/>
        <line num="113" type="stmt" count="4"/>
        <line num="116" type="stmt" count="4"/>
        <line num="122" type="method" name="arrayTypeAttributeClasses" visibility="private" complexity="1" crap="1" count="22"/>
        <line num="124" type="stmt" count="22"/>
        <line num="125" type="stmt" count="22"/>
        <line num="126" type="stmt" count="22"/>
        <line num="127" type="stmt" count="22"/>
        <line num="128" type="stmt" count="22"/>
        <line num="129" type="stmt" count="22"/>
        <metrics loc="132" ncloc="115" classes="1" methods="6" coveredmethods="3" conditionals="0" coveredconditionals="0" statements="51" coveredstatements="44" elements="57" coveredelements="47"/>
      </file>
    </package>
    <file name="/Users/faroukbraik/Dev/php-dto/src/Contracts/BaseData.php">
      <metrics loc="43" ncloc="22" classes="0" methods="0" coveredmethods="0" conditionals="0" coveredconditionals="0" statements="0" coveredstatements="0" elements="0" coveredelements="0"/>
    </file>
    <file name="/Users/faroukbraik/Dev/php-dto/src/Contracts/CloneableData.php">
      <metrics loc="14" ncloc="11" classes="0" methods="0" coveredmethods="0" conditionals="0" coveredconditionals="0" statements="0" coveredstatements="0" elements="0" coveredelements="0"/>
    </file>
    <file name="/Users/faroukbraik/Dev/php-dto/src/Contracts/EmptyData.php">
      <metrics loc="14" ncloc="11" classes="0" methods="0" coveredmethods="0" conditionals="0" coveredconditionals="0" statements="0" coveredstatements="0" elements="0" coveredelements="0"/>
    </file>
    <package name="Nuxtifyts\PhpDto">
      <file name="/Users/faroukbraik/Dev/php-dto/src/Data.php">
        <class name="Nuxtifyts\PhpDto\Data" namespace="Nuxtifyts\PhpDto">
          <metrics complexity="0" methods="0" coveredmethods="0" conditionals="0" coveredconditionals="0" statements="0" coveredstatements="0" elements="0" coveredelements="0"/>
        </class>
        <metrics loc="21" ncloc="21" classes="0" methods="0" coveredmethods="0" conditionals="0" coveredconditionals="0" statements="0" coveredstatements="0" elements="0" coveredelements="0"/>
      </file>
    </package>
    <package name="Nuxtifyts\PhpDto\DataCiphers">
      <file name="/Users/faroukbraik/Dev/php-dto/src/DataCiphers/CipherConfig.php">
        <class name="Nuxtifyts\PhpDto\DataCiphers\CipherConfig" namespace="Nuxtifyts\PhpDto\DataCiphers">
          <metrics complexity="1" methods="1" coveredmethods="1" conditionals="0" coveredconditionals="0" statements="1" coveredstatements="1" elements="2" coveredelements="2"/>
        </class>
        <line num="10" type="method" name="__construct" visibility="public" complexity="1" crap="1" count="4"/>
        <line num="15" type="stmt" count="4"/>
        <metrics loc="17" ncloc="14" classes="1" methods="1" coveredmethods="1" conditionals="0" coveredconditionals="0" statements="1" coveredstatements="1" elements="2" coveredelements="2"/>
      </file>
      <file name="/Users/faroukbraik/Dev/php-dto/src/DataCiphers/DefaultDataCipher.php">
        <class name="Nuxtifyts\PhpDto\DataCiphers\DefaultDataCipher" namespace="Nuxtifyts\PhpDto\DataCiphers">
          <metrics complexity="13" methods="3" coveredmethods="0" conditionals="0" coveredconditionals="0" statements="43" coveredstatements="38" elements="46" coveredelements="38"/>
        </class>
        <line num="14" type="method" name="cipher" visibility="public" complexity="4" crap="4.03" count="3"/>
        <line num="19" type="stmt" count="3"/>
        <line num="20" type="stmt" count="3"/>
        <line num="22" type="stmt" count="3"/>
        <line num="23" type="stmt" count="0"/>
        <line num="26" type="stmt" count="3"/>
        <line num="28" type="stmt" count="3"/>
        <line num="29" type="stmt" count="3"/>
        <line num="30" type="stmt" count="3"/>
        <line num="31" type="stmt" count="3"/>
        <line num="32" type="stmt" count="3"/>
        <line num="33" type="stmt" count="3"/>
        <line num="34" type="stmt" count="3"/>
        <line num="36" type="stmt" count="3"/>
        <line num="37" type="stmt" count="0"/>
        <line num="40" type="stmt" count="3"/>
        <line num="41" type="stmt" count="3"/>
        <line num="42" type="stmt" count="3"/>
        <line num="48" type="method" name="decipher" visibility="public" complexity="6" crap="6.04" count="4"/>
        <line num="53" type="stmt" count="4"/>
        <line num="55" type="stmt" count="4"/>
        <line num="57" type="stmt" count="4"/>
        <line num="58" type="stmt" count="0"/>
        <line num="61" type="stmt" count="4"/>
        <line num="62" type="stmt" count="4"/>
        <line num="64" type="stmt" count="4"/>
        <line num="65" type="stmt" count="1"/>
        <line num="68" type="stmt" count="3"/>
        <line num="69" type="stmt" count="3"/>
        <line num="70" type="stmt" count="3"/>
        <line num="71" type="stmt" count="3"/>
        <line num="72" type="stmt" count="3"/>
        <line num="73" type="stmt" count="3"/>
        <line num="74" type="stmt" count="3"/>
        <line num="76" type="stmt" count="3"/>
        <line num="77" type="stmt" count="0"/>
        <line num="80" type="stmt" count="3"/>
        <line num="81" type="stmt" count="2"/>
        <line num="82" type="stmt" count="3"/>
        <line num="88" type="method" name="stringify" visibility="private" complexity="3" crap="3.04" count="3"/>
        <line num="90" type="stmt" count="3"/>
        <line num="91" type="stmt" count="1"/>
        <line num="94" type="stmt" count="2"/>
        <line num="96" type="stmt" count="2"/>
        <line num="97" type="stmt" count="0"/>
        <line num="100" type="stmt" count="2"/>
        <metrics loc="103" ncloc="94" classes="1" methods="3" coveredmethods="0" conditionals="0" coveredconditionals="0" statements="43" coveredstatements="38" elements="46" coveredelements="38"/>
      </file>
    </package>
    <file name="/Users/faroukbraik/Dev/php-dto/src/DataCiphers/DataCipher.php">
      <metrics loc="27" ncloc="21" classes="0" methods="0" coveredmethods="0" conditionals="0" coveredconditionals="0" statements="0" coveredstatements="0" elements="0" coveredelements="0"/>
    </file>
    <file name="/Users/faroukbraik/Dev/php-dto/src/DataRefiners/DataRefiner.php">
      <metrics loc="16" ncloc="13" classes="0" methods="0" coveredmethods="0" conditionals="0" coveredconditionals="0" statements="0" coveredstatements="0" elements="0" coveredelements="0"/>
    </file>
    <package name="Nuxtifyts\PhpDto\DataRefiners">
      <file name="/Users/faroukbraik/Dev/php-dto/src/DataRefiners/DateTimeRefiner.php">
        <class name="Nuxtifyts\PhpDto\DataRefiners\DateTimeRefiner" namespace="Nuxtifyts\PhpDto\DataRefiners">
          <metrics complexity="8" methods="2" coveredmethods="2" conditionals="0" coveredconditionals="0" statements="22" coveredstatements="22" elements="24" coveredelements="24"/>
        </class>
        <line num="23" type="method" name="__construct" visibility="public" complexity="3" crap="3" count="9"/>
        <line num="26" type="stmt" count="9"/>
        <line num="27" type="stmt" count="2"/>
        <line num="28" type="stmt" count="1"/>
        <line num="30" type="stmt" count="1"/>
        <line num="31" type="stmt" count="1"/>
        <line num="32" type="stmt" count="1"/>
        <line num="33" type="stmt" count="1"/>
        <line num="38" type="method" name="refine" visibility="public" complexity="5" crap="5" count="9"/>
        <line num="40" type="stmt" count="9"/>
        <line num="41" type="stmt" count="1"/>
        <line num="44" type="stmt" count="8"/>
        <line num="45" type="stmt" count="7"/>
        <line num="47" type="stmt" count="7"/>
        <line num="48" type="stmt" count="1"/>
        <line num="51" type="stmt" count="6"/>
        <line num="53" type="stmt" count="6"/>
        <line num="54" type="stmt" count="6"/>
        <line num="55" type="stmt" count="6"/>
        <line num="56" type="stmt" count="6"/>
        <line num="57" type="stmt" count="6"/>
        <line num="58" type="stmt" count="6"/>
        <line num="59" type="stmt" count="4"/>
        <line num="63" type="stmt" count="3"/>
        <metrics loc="66" ncloc="62" classes="1" methods="2" coveredmethods="2" conditionals="0" coveredconditionals="0" statements="22" coveredstatements="22" elements="24" coveredelements="24"/>
      </file>
    </package>
    <file name="/Users/faroukbraik/Dev/php-dto/src/Enums/Property/Type.php">
      <metrics loc="24" ncloc="23" classes="0" methods="0" coveredmethods="0" conditionals="0" coveredconditionals="0" statements="0" coveredstatements="0" elements="0" coveredelements="0"/>
    </file>
    <package name="Nuxtifyts\PhpDto\Exceptions">
      <file name="/Users/faroukbraik/Dev/php-dto/src/Exceptions/DataCipherException.php">
        <class name="Nuxtifyts\PhpDto\Exceptions\DataCipherException" namespace="Nuxtifyts\PhpDto\Exceptions">
          <metrics complexity="5" methods="5" coveredmethods="1" conditionals="0" coveredconditionals="0" statements="20" coveredstatements="4" elements="25" coveredelements="5"/>
        </class>
        <line num="15" type="method" name="failedToGetNonceSize" visibility="public" complexity="1" crap="2" count="0"/>
        <line num="17" type="stmt" count="0"/>
        <line num="18" type="stmt" count="0"/>
        <line num="19" type="stmt" count="0"/>
        <line num="20" type="stmt" count="0"/>
        <line num="23" type="method" name="failedToCipherData" visibility="public" complexity="1" crap="2" count="0"/>
        <line num="25" type="stmt" count="0"/>
        <line num="26" type="stmt" count="0"/>
        <line num="27" type="stmt" count="0"/>
        <line num="28" type="stmt" count="0"/>
        <line num="31" type="method" name="failedToDecipherData" visibility="public" complexity="1" crap="2" count="0"/>
        <line num="33" type="stmt" count="0"/>
        <line num="34" type="stmt" count="0"/>
        <line num="35" type="stmt" count="0"/>
        <line num="36" type="stmt" count="0"/>
        <line num="39" type="method" name="failedToStringifyValue" visibility="public" complexity="1" crap="2" count="0"/>
        <line num="41" type="stmt" count="0"/>
        <line num="42" type="stmt" count="0"/>
        <line num="43" type="stmt" count="0"/>
        <line num="44" type="stmt" count="0"/>
        <line num="47" type="method" name="invalidNonceSize" visibility="public" complexity="1" crap="1" count="1"/>
        <line num="49" type="stmt" count="1"/>
        <line num="50" type="stmt" count="1"/>
        <line num="51" type="stmt" count="1"/>
        <line num="52" type="stmt" count="1"/>
        <metrics loc="55" ncloc="55" classes="1" methods="5" coveredmethods="1" conditionals="0" coveredconditionals="0" statements="20" coveredstatements="4" elements="25" coveredelements="5"/>
      </file>
      <file name="/Users/faroukbraik/Dev/php-dto/src/Exceptions/DataConfigurationException.php">
        <class name="Nuxtifyts\PhpDto\Exceptions\DataConfigurationException" namespace="Nuxtifyts\PhpDto\Exceptions">
          <metrics complexity="2" methods="2" coveredmethods="2" conditionals="0" coveredconditionals="0" statements="2" coveredstatements="2" elements="4" coveredelements="4"/>
        </class>
        <line num="13" type="method" name="invalidBaseSerializers" visibility="public" complexity="1" crap="1" count="1"/>
        <line num="15" type="stmt" count="1"/>
        <line num="18" type="method" name="invalidBaseNormalizers" visibility="public" complexity="1" crap="1" count="1"/>
        <line num="20" type="stmt" count="1"/>
        <metrics loc="23" ncloc="23" classes="1" methods="2" coveredmethods="2" conditionals="0" coveredconditionals="0" statements="2" coveredstatements="2" elements="4" coveredelements="4"/>
      </file>
      <file name="/Users/faroukbraik/Dev/php-dto/src/Exceptions/DataCreationException.php">
        <class name="Nuxtifyts\PhpDto\Exceptions\DataCreationException" namespace="Nuxtifyts\PhpDto\Exceptions">
          <metrics complexity="5" methods="5" coveredmethods="5" conditionals="0" coveredconditionals="0" statements="24" coveredstatements="24" elements="29" coveredelements="29"/>
        </class>
        <line num="16" type="method" name="unableToCreateInstance" visibility="public" complexity="1" crap="1" count="1"/>
        <line num="20" type="stmt" count="1"/>
        <line num="21" type="stmt" count="1"/>
        <line num="22" type="stmt" count="1"/>
        <line num="23" type="stmt" count="1"/>
        <line num="24" type="stmt" count="1"/>
        <line num="27" type="method" name="invalidProperty" visibility="public" complexity="1" crap="1" count="2"/>
        <line num="29" type="stmt" count="2"/>
        <line num="30" type="stmt" count="2"/>
        <line num="31" type="stmt" count="2"/>
        <line num="32" type="stmt" count="2"/>
        <line num="35" type="method" name="unableToCreateEmptyInstance" visibility="public" complexity="1" crap="1" count="1"/>
        <line num="39" type="stmt" count="1"/>
        <line num="40" type="stmt" count="1"/>
        <line num="41" type="stmt" count="1"/>
        <line num="42" type="stmt" count="1"/>
        <line num="43" type="stmt" count="1"/>
        <line num="46" type="method" name="unableToCloneInstanceWithNewData" visibility="public" complexity="1" crap="1" count="4"/>
        <line num="50" type="stmt" count="4"/>
        <line num="51" type="stmt" count="4"/>
        <line num="52" type="stmt" count="4"/>
        <line num="53" type="stmt" count="4"/>
        <line num="54" type="stmt" count="4"/>
        <line num="57" type="method" name="invalidParamsPassed" visibility="public" complexity="1" crap="1" count="3"/>
        <line num="61" type="stmt" count="3"/>
        <line num="62" type="stmt" count="3"/>
        <line num="63" type="stmt" count="3"/>
        <line num="64" type="stmt" count="3"/>
        <line num="65" type="stmt" count="3"/>
        <metrics loc="68" ncloc="68" classes="1" methods="5" coveredmethods="5" conditionals="0" coveredconditionals="0" statements="24" coveredstatements="24" elements="29" coveredelements="29"/>
      </file>
      <file name="/Users/faroukbraik/Dev/php-dto/src/Exceptions/DeserializeException.php">
        <class name="Nuxtifyts\PhpDto\Exceptions\DeserializeException" namespace="Nuxtifyts\PhpDto\Exceptions">
          <metrics complexity="9" methods="9" coveredmethods="5" conditionals="0" coveredconditionals="0" statements="37" coveredstatements="21" elements="46" coveredelements="26"/>
        </class>
        <line num="20" type="method" name="generic" visibility="public" complexity="1" crap="1" count="3"/>
        <line num="22" type="stmt" count="3"/>
        <line num="23" type="stmt" count="3"/>
        <line num="24" type="stmt" count="3"/>
        <line num="25" type="stmt" count="3"/>
        <line num="26" type="stmt" count="3"/>
        <line num="29" type="method" name="invalidValue" visibility="public" complexity="1" crap="1" count="3"/>
        <line num="31" type="stmt" count="3"/>
        <line num="32" type="stmt" count="3"/>
        <line num="33" type="stmt" count="3"/>
        <line num="34" type="stmt" count="3"/>
        <line num="37" type="method" name="propertyIsNotNullable" visibility="public" complexity="1" crap="1" count="1"/>
        <line num="39" type="stmt" count="1"/>
        <line num="40" type="stmt" count="1"/>
        <line num="41" type="stmt" count="1"/>
        <line num="42" type="stmt" count="1"/>
        <line num="45" type="method" name="unableToDeserializeScalarTypeItem" visibility="public" complexity="1" crap="2" count="0"/>
        <line num="47" type="stmt" count="0"/>
        <line num="48" type="stmt" count="0"/>
        <line num="49" type="stmt" count="0"/>
        <line num="50" type="stmt" count="0"/>
        <line num="53" type="method" name="unableToDeserializeBackedEnumItem" visibility="public" complexity="1" crap="2" count="0"/>
        <line num="55" type="stmt" count="0"/>
        <line num="56" type="stmt" count="0"/>
        <line num="57" type="stmt" count="0"/>
        <line num="58" type="stmt" count="0"/>
        <line num="61" type="method" name="unableToDeserializeDateTimeItem" visibility="public" complexity="1" crap="2" count="0"/>
        <line num="63" type="stmt" count="0"/>
        <line num="64" type="stmt" count="0"/>
        <line num="65" type="stmt" count="0"/>
        <line num="66" type="stmt" count="0"/>
        <line num="69" type="method" name="unableToDeserializeDataItem" visibility="public" complexity="1" crap="1" count="1"/>
        <line num="71" type="stmt" count="1"/>
        <line num="72" type="stmt" count="1"/>
        <line num="73" type="stmt" count="1"/>
        <line num="74" type="stmt" count="1"/>
        <line num="77" type="method" name="unableToDeserializeArrayItem" visibility="public" complexity="1" crap="2" count="0"/>
        <line num="79" type="stmt" count="0"/>
        <line num="80" type="stmt" count="0"/>
        <line num="81" type="stmt" count="0"/>
        <line num="82" type="stmt" count="0"/>
        <line num="85" type="method" name="invalidParamsPassed" visibility="public" complexity="1" crap="1" count="1"/>
        <line num="87" type="stmt" count="1"/>
        <line num="88" type="stmt" count="1"/>
        <line num="89" type="stmt" count="1"/>
        <line num="90" type="stmt" count="1"/>
        <metrics loc="93" ncloc="93" classes="1" methods="9" coveredmethods="5" conditionals="0" coveredconditionals="0" statements="37" coveredstatements="21" elements="46" coveredelements="26"/>
      </file>
      <file name="/Users/faroukbraik/Dev/php-dto/src/Exceptions/FallbackResolverException.php">
        <class name="Nuxtifyts\PhpDto\Exceptions\FallbackResolverException" namespace="Nuxtifyts\PhpDto\Exceptions">
          <metrics complexity="1" methods="1" coveredmethods="1" conditionals="0" coveredconditionals="0" statements="4" coveredstatements="4" elements="5" coveredelements="5"/>
        </class>
        <line num="11" type="method" name="unableToFindResolverClass" visibility="public" complexity="1" crap="1" count="1"/>
        <line num="13" type="stmt" count="1"/>
        <line num="14" type="stmt" count="1"/>
        <line num="15" type="stmt" count="1"/>
        <line num="16" type="stmt" count="1"/>
        <metrics loc="19" ncloc="19" classes="1" methods="1" coveredmethods="1" conditionals="0" coveredconditionals="0" statements="4" coveredstatements="4" elements="5" coveredelements="5"/>
      </file>
      <file name="/Users/faroukbraik/Dev/php-dto/src/Exceptions/InvalidRefiner.php">
        <class name="Nuxtifyts\PhpDto\Exceptions\InvalidRefiner" namespace="Nuxtifyts\PhpDto\Exceptions">
          <metrics complexity="1" methods="1" coveredmethods="1" conditionals="0" coveredconditionals="0" statements="4" coveredstatements="4" elements="5" coveredelements="5"/>
        </class>
        <line num="13" type="method" name="emptyTypeContexts" visibility="public" complexity="1" crap="1" count="1"/>
        <line num="15" type="stmt" count="1"/>
        <line num="16" type="stmt" count="1"/>
        <line num="17" type="stmt" count="1"/>
        <line num="18" type="stmt" count="1"/>
        <metrics loc="21" ncloc="21" classes="1" methods="1" coveredmethods="1" conditionals="0" coveredconditionals="0" statements="4" coveredstatements="4" elements="5" coveredelements="5"/>
      </file>
      <file name="/Users/faroukbraik/Dev/php-dto/src/Exceptions/SerializeException.php">
        <class name="Nuxtifyts\PhpDto\Exceptions\SerializeException" namespace="Nuxtifyts\PhpDto\Exceptions">
          <metrics complexity="6" methods="6" coveredmethods="4" conditionals="0" coveredconditionals="0" statements="25" coveredstatements="17" elements="31" coveredelements="21"/>
        </class>
        <line num="18" type="method" name="generic" visibility="public" complexity="1" crap="1" count="1"/>
        <line num="20" type="stmt" count="1"/>
        <line num="21" type="stmt" count="1"/>
        <line num="22" type="stmt" count="1"/>
        <line num="23" type="stmt" count="1"/>
        <line num="24" type="stmt" count="1"/>
        <line num="27" type="method" name="unableToSerializeScalarTypeItem" visibility="public" complexity="1" crap="1" count="2"/>
        <line num="29" type="stmt" count="2"/>
        <line num="30" type="stmt" count="2"/>
        <line num="31" type="stmt" count="2"/>
        <line num="32" type="stmt" count="2"/>
        <line num="35" type="method" name="unableToSerializeBackedEnumItem" visibility="public" complexity="1" crap="1" count="2"/>
        <line num="37" type="stmt" count="2"/>
        <line num="38" type="stmt" count="2"/>
        <line num="39" type="stmt" count="2"/>
        <line num="40" type="stmt" count="2"/>
        <line num="43" type="method" name="unableToSerializeDateTimeItem" visibility="public" complexity="1" crap="2" count="0"/>
        <line num="45" type="stmt" count="0"/>
        <line num="46" type="stmt" count="0"/>
        <line num="47" type="stmt" count="0"/>
        <line num="48" type="stmt" count="0"/>
        <line num="51" type="method" name="unableToSerializeDataItem" visibility="public" complexity="1" crap="1" count="1"/>
        <line num="53" type="stmt" count="1"/>
        <line num="54" type="stmt" count="1"/>
        <line num="55" type="stmt" count="1"/>
        <line num="56" type="stmt" count="1"/>
        <line num="59" type="method" name="unableToSerializeArrayItem" visibility="public" complexity="1" crap="2" count="0"/>
        <line num="61" type="stmt" count="0"/>
        <line num="62" type="stmt" count="0"/>
        <line num="63" type="stmt" count="0"/>
        <line num="64" type="stmt" count="0"/>
        <metrics loc="67" ncloc="67" classes="1" methods="6" coveredmethods="4" conditionals="0" coveredconditionals="0" statements="25" coveredstatements="17" elements="31" coveredelements="21"/>
      </file>
      <file name="/Users/faroukbraik/Dev/php-dto/src/Exceptions/UnknownTypeException.php">
        <class name="Nuxtifyts\PhpDto\Exceptions\UnknownTypeException" namespace="Nuxtifyts\PhpDto\Exceptions">
          <metrics complexity="1" methods="1" coveredmethods="1" conditionals="0" coveredconditionals="0" statements="12" coveredstatements="12" elements="13" coveredelements="13"/>
        </class>
        <line num="12" type="method" name="unknownType" visibility="public" complexity="1" crap="1" count="1"/>
        <line num="14" type="stmt" count="1"/>
        <line num="15" type="stmt" count="1"/>
        <line num="16" type="stmt" count="1"/>
        <line num="17" type="stmt" count="1"/>
        <line num="19" type="stmt" count="1"/>
        <line num="20" type="stmt" count="1"/>
        <line num="21" type="stmt" count="1"/>
        <line num="22" type="stmt" count="1"/>
        <line num="23" type="stmt" count="1"/>
        <line num="24" type="stmt" count="1"/>
        <line num="25" type="stmt" count="1"/>
        <line num="26" type="stmt" count="1"/>
        <metrics loc="29" ncloc="29" classes="1" methods="1" coveredmethods="1" conditionals="0" coveredconditionals="0" statements="12" coveredstatements="12" elements="13" coveredelements="13"/>
      </file>
      <file name="/Users/faroukbraik/Dev/php-dto/src/Exceptions/UnsupportedTypeException.php">
        <class name="Nuxtifyts\PhpDto\Exceptions\UnsupportedTypeException" namespace="Nuxtifyts\PhpDto\Exceptions">
          <metrics complexity="5" methods="4" coveredmethods="1" conditionals="0" coveredconditionals="0" statements="12" coveredstatements="3" elements="16" coveredelements="4"/>
        </class>
        <line num="14" type="method" name="unknownType" visibility="public" complexity="2" crap="2" count="1"/>
        <line num="16" type="stmt" count="1"/>
        <line num="17" type="stmt" count="1"/>
        <line num="18" type="stmt" count="1"/>
        <line num="21" type="method" name="emptyType" visibility="public" complexity="1" crap="2" count="0"/>
        <line num="23" type="stmt" count="0"/>
        <line num="24" type="stmt" count="0"/>
        <line num="25" type="stmt" count="0"/>
        <line num="28" type="method" name="invalidReflection" visibility="public" complexity="1" crap="2" count="0"/>
        <line num="30" type="stmt" count="0"/>
        <line num="31" type="stmt" count="0"/>
        <line num="32" type="stmt" count="0"/>
        <line num="35" type="method" name="invalidType" visibility="public" complexity="1" crap="2" count="0"/>
        <line num="37" type="stmt" count="0"/>
        <line num="38" type="stmt" count="0"/>
        <line num="39" type="stmt" count="0"/>
        <metrics loc="42" ncloc="42" classes="1" methods="4" coveredmethods="1" conditionals="0" coveredconditionals="0" statements="12" coveredstatements="3" elements="16" coveredelements="4"/>
      </file>
    </package>
    <package name="Nuxtifyts\PhpDto\FallbackResolver">
      <file name="/Users/faroukbraik/Dev/php-dto/src/FallbackResolver/FallbackConfig.php">
        <class name="Nuxtifyts\PhpDto\FallbackResolver\FallbackConfig" namespace="Nuxtifyts\PhpDto\FallbackResolver">
          <metrics complexity="1" methods="1" coveredmethods="1" conditionals="0" coveredconditionals="0" statements="1" coveredstatements="1" elements="2" coveredelements="2"/>
        </class>
        <line num="13" type="method" name="__construct" visibility="public" complexity="1" crap="1" count="3"/>
        <line num="17" type="stmt" count="3"/>
        <metrics loc="19" ncloc="15" classes="1" methods="1" coveredmethods="1" conditionals="0" coveredconditionals="0" statements="1" coveredstatements="1" elements="2" coveredelements="2"/>
      </file>
    </package>
    <file name="/Users/faroukbraik/Dev/php-dto/src/FallbackResolver/FallbackResolver.php">
      <metrics loc="17" ncloc="12" classes="0" methods="0" coveredmethods="0" conditionals="0" coveredconditionals="0" statements="0" coveredstatements="0" elements="0" coveredelements="0"/>
    </file>
    <package name="Nuxtifyts\PhpDto\Normalizers">
      <file name="/Users/faroukbraik/Dev/php-dto/src/Normalizers/ArrayAccessNormalizer.php">
        <class name="Nuxtifyts\PhpDto\Normalizers\ArrayAccessNormalizer" namespace="Nuxtifyts\PhpDto\Normalizers">
          <metrics complexity="10" methods="3" coveredmethods="3" conditionals="0" coveredconditionals="0" statements="19" coveredstatements="19" elements="22" coveredelements="22"/>
        </class>
        <line num="11" type="method" name="normalize" visibility="public" complexity="2" crap="2" count="12"/>
        <line num="13" type="stmt" count="12"/>
        <line num="14" type="stmt" count="12"/>
        <line num="20" type="method" name="normalizeIterable" visibility="private" complexity="4" crap="4" count="12"/>
        <line num="22" type="stmt" count="12"/>
        <line num="23" type="stmt" count="3"/>
        <line num="26" type="stmt" count="9"/>
        <line num="28" type="stmt" count="9"/>
        <line num="29" type="stmt" count="9"/>
        <line num="30" type="stmt" count="3"/>
        <line num="33" type="stmt" count="6"/>
        <line num="36" type="stmt" count="6"/>
        <line num="42" type="method" name="normalizeArrayAccess" visibility="private" complexity="4" crap="4" count="6"/>
        <line num="45" type="stmt" count="6"/>
        <line num="46" type="stmt" count="4"/>
        <line num="49" type="stmt" count="2"/>
        <line num="51" type="stmt" count="2"/>
        <line num="53" type="stmt" count="2"/>
        <line num="54" type="stmt" count="2"/>
        <line num="57" type="stmt" count="1"/>
        <line num="58" type="stmt" count="1"/>
        <line num="59" type="stmt" count="1"/>
        <metrics loc="63" ncloc="57" classes="1" methods="3" coveredmethods="3" conditionals="0" coveredconditionals="0" statements="19" coveredstatements="19" elements="22" coveredelements="22"/>
      </file>
      <file name="/Users/faroukbraik/Dev/php-dto/src/Normalizers/ArrayNormalizer.php">
        <class name="Nuxtifyts\PhpDto\Normalizers\ArrayNormalizer" namespace="Nuxtifyts\PhpDto\Normalizers">
          <metrics complexity="6" methods="1" coveredmethods="1" conditionals="0" coveredconditionals="0" statements="10" coveredstatements="10" elements="11" coveredelements="11"/>
        </class>
        <line num="7" type="method" name="normalize" visibility="public" complexity="6" crap="6" count="6"/>
        <line num="10" type="stmt" count="6"/>
        <line num="12" type="stmt" count="6"/>
        <line num="13" type="stmt" count="6"/>
        <line num="16" type="stmt" count="4"/>
        <line num="19" type="stmt" count="2"/>
        <line num="21" type="stmt" count="2"/>
        <line num="22" type="stmt" count="2"/>
        <line num="23" type="stmt" count="1"/>
        <line num="26" type="stmt" count="1"/>
        <line num="29" type="stmt" count="1"/>
        <metrics loc="32" ncloc="32" classes="1" methods="1" coveredmethods="1" conditionals="0" coveredconditionals="0" statements="10" coveredstatements="10" elements="11" coveredelements="11"/>
      </file>
      <file name="/Users/faroukbraik/Dev/php-dto/src/Normalizers/JsonStringNormalizer.php">
        <class name="Nuxtifyts\PhpDto\Normalizers\JsonStringNormalizer" namespace="Nuxtifyts\PhpDto\Normalizers">
          <metrics complexity="6" methods="1" coveredmethods="1" conditionals="0" coveredconditionals="0" statements="12" coveredstatements="12" elements="13" coveredelements="13"/>
        </class>
        <line num="7" type="method" name="normalize" visibility="public" complexity="6" crap="6" count="11"/>
        <line num="9" type="stmt" count="11"/>
        <line num="10" type="stmt" count="8"/>
        <line num="13" type="stmt" count="4"/>
        <line num="16" type="stmt" count="4"/>
        <line num="17" type="stmt" count="4"/>
        <line num="19" type="stmt" count="1"/>
        <line num="22" type="stmt" count="3"/>
        <line num="24" type="stmt" count="3"/>
        <line num="25" type="stmt" count="3"/>
        <line num="26" type="stmt" count="1"/>
        <line num="29" type="stmt" count="3"/>
        <line num="32" type="stmt" count="2"/>
        <metrics loc="35" ncloc="35" classes="1" methods="1" coveredmethods="1" conditionals="0" coveredconditionals="0" statements="12" coveredstatements="12" elements="13" coveredelements="13"/>
      </file>
      <file name="/Users/faroukbraik/Dev/php-dto/src/Normalizers/Normalizer.php">
        <class name="Nuxtifyts\PhpDto\Normalizers\Normalizer" namespace="Nuxtifyts\PhpDto\Normalizers">
          <metrics complexity="1" methods="1" coveredmethods="1" conditionals="0" coveredconditionals="0" statements="1" coveredstatements="1" elements="2" coveredelements="2"/>
        </class>
        <line num="12" type="method" name="__construct" visibility="public" complexity="1" crap="1" count="24"/>
        <line num="16" type="stmt" count="24"/>
        <metrics loc="23" ncloc="17" classes="1" methods="1" coveredmethods="1" conditionals="0" coveredconditionals="0" statements="1" coveredstatements="1" elements="2" coveredelements="2"/>
      </file>
      <file name="/Users/faroukbraik/Dev/php-dto/src/Normalizers/StdClassNormalizer.php">
        <class name="Nuxtifyts\PhpDto\Normalizers\StdClassNormalizer" namespace="Nuxtifyts\PhpDto\Normalizers">
          <metrics complexity="4" methods="1" coveredmethods="1" conditionals="0" coveredconditionals="0" statements="9" coveredstatements="9" elements="10" coveredelements="10"/>
        </class>
        <line num="9" type="method" name="normalize" visibility="public" complexity="4" crap="4" count="10"/>
        <line num="11" type="stmt" count="10"/>
        <line num="12" type="stmt" count="8"/>
        <line num="15" type="stmt" count="3"/>
        <line num="17" type="stmt" count="3"/>
        <line num="19" type="stmt" count="3"/>
        <line num="20" type="stmt" count="3"/>
        <line num="21" type="stmt" count="1"/>
        <line num="24" type="stmt" count="2"/>
        <line num="27" type="stmt" count="2"/>
        <metrics loc="30" ncloc="30" classes="1" methods="1" coveredmethods="1" conditionals="0" coveredconditionals="0" statements="9" coveredstatements="9" elements="10" coveredelements="10"/>
      </file>
    </package>
    <package name="Nuxtifyts\PhpDto\Normalizers\Concerns">
      <file name="/Users/faroukbraik/Dev/php-dto/src/Normalizers/Concerns/HasNormalizers.php">
        <class name="Nuxtifyts\PhpDto\Normalizers\Concerns\HasNormalizers" namespace="Nuxtifyts\PhpDto\Normalizers\Concerns">
          <metrics complexity="5" methods="3" coveredmethods="3" conditionals="0" coveredconditionals="0" statements="10" coveredstatements="10" elements="13" coveredelements="13"/>
        </class>
        <line num="19" type="method" name="normalizeValue" visibility="protected" complexity="3" crap="3" count="43"/>
        <line num="21" type="stmt" count="43"/>
        <line num="22" type="stmt" count="43"/>
        <line num="24" type="stmt" count="43"/>
        <line num="25" type="stmt" count="39"/>
        <line num="29" type="stmt" count="7"/>
        <line num="37" type="method" name="allNormalizer" visibility="protected" complexity="1" crap="1" count="44"/>
        <line num="39" type="stmt" count="44"/>
        <line num="40" type="stmt" count="44"/>
        <line num="41" type="stmt" count="44"/>
        <line num="42" type="stmt" count="44"/>
        <line num="48" type="method" name="normalizers" visibility="protected" complexity="1" crap="1" count="39"/>
        <line num="50" type="stmt" count="39"/>
        <metrics loc="53" ncloc="38" classes="1" methods="3" coveredmethods="3" conditionals="0" coveredconditionals="0" statements="10" coveredstatements="10" elements="13" coveredelements="13"/>
      </file>
    </package>
    <package name="Nuxtifyts\PhpDto\Pipelines\DeserializePipeline">
      <file name="/Users/faroukbraik/Dev/php-dto/src/Pipelines/DeserializePipeline/DeserializePipeline.php">
        <class name="Nuxtifyts\PhpDto\Pipelines\DeserializePipeline\DeserializePipeline" namespace="Nuxtifyts\PhpDto\Pipelines\DeserializePipeline">
          <metrics complexity="2" methods="2" coveredmethods="2" conditionals="0" coveredconditionals="0" statements="9" coveredstatements="9" elements="11" coveredelements="11"/>
        </class>
        <line num="16" type="method" name="hydrateFromArray" visibility="public" complexity="1" crap="1" count="28"/>
        <line num="18" type="stmt" count="28"/>
        <line num="19" type="stmt" count="28"/>
        <line num="20" type="stmt" count="28"/>
        <line num="21" type="stmt" count="28"/>
        <line num="22" type="stmt" count="28"/>
        <line num="29" type="method" name="createFromArray" visibility="public" complexity="1" crap="1" count="1"/>
        <line num="31" type="stmt" count="1"/>
        <line num="32" type="stmt" count="1"/>
        <line num="33" type="stmt" count="1"/>
        <line num="34" type="stmt" count="1"/>
        <metrics loc="37" ncloc="30" classes="1" methods="2" coveredmethods="2" conditionals="0" coveredconditionals="0" statements="9" coveredstatements="9" elements="11" coveredelements="11"/>
      </file>
      <file name="/Users/faroukbraik/Dev/php-dto/src/Pipelines/DeserializePipeline/DeserializePipelinePassable.php">
        <class name="Nuxtifyts\PhpDto\Pipelines\DeserializePipeline\DeserializePipelinePassable" namespace="Nuxtifyts\PhpDto\Pipelines\DeserializePipeline">
          <metrics complexity="2" methods="2" coveredmethods="2" conditionals="0" coveredconditionals="0" statements="2" coveredstatements="2" elements="4" coveredelements="4"/>
        </class>
        <line num="17" type="method" name="__construct" visibility="public" complexity="1" crap="1" count="29"/>
        <line num="21" type="stmt" count="29"/>
        <line num="26" type="method" name="with" visibility="public" complexity="1" crap="1" count="29"/>
        <line num="28" type="stmt" count="29"/>
        <metrics loc="31" ncloc="22" classes="1" methods="2" coveredmethods="2" conditionals="0" coveredconditionals="0" statements="2" coveredstatements="2" elements="4" coveredelements="4"/>
      </file>
    </package>
    <package name="Nuxtifyts\PhpDto\Pipelines\DeserializePipeline\Pipes">
      <file name="/Users/faroukbraik/Dev/php-dto/src/Pipelines/DeserializePipeline/Pipes/DecipherDataPipe.php">
        <class name="Nuxtifyts\PhpDto\Pipelines\DeserializePipeline\Pipes\DecipherDataPipe" namespace="Nuxtifyts\PhpDto\Pipelines\DeserializePipeline\Pipes">
          <metrics complexity="5" methods="1" coveredmethods="1" conditionals="0" coveredconditionals="0" statements="13" coveredstatements="13" elements="14" coveredelements="14"/>
        </class>
        <line num="14" type="method" name="handle" visibility="public" complexity="5" crap="5" count="8"/>
        <line num="16" type="stmt" count="8"/>
        <line num="18" type="stmt" count="8"/>
        <line num="19" type="stmt" count="8"/>
        <line num="22" type="stmt" count="8"/>
        <line num="23" type="stmt" count="4"/>
        <line num="24" type="stmt" count="8"/>
        <line num="26" type="stmt" count="5"/>
        <line num="29" type="stmt" count="4"/>
        <line num="30" type="stmt" count="4"/>
        <line num="31" type="stmt" count="4"/>
        <line num="32" type="stmt" count="4"/>
        <line num="33" type="stmt" count="4"/>
        <line num="36" type="stmt" count="7"/>
        <metrics loc="39" ncloc="36" classes="1" methods="1" coveredmethods="1" conditionals="0" coveredconditionals="0" statements="13" coveredstatements="13" elements="14" coveredelements="14"/>
      </file>
      <file name="/Users/faroukbraik/Dev/php-dto/src/Pipelines/DeserializePipeline/Pipes/RefineDataPipe.php">
        <class name="Nuxtifyts\PhpDto\Pipelines\DeserializePipeline\Pipes\RefineDataPipe" namespace="Nuxtifyts\PhpDto\Pipelines\DeserializePipeline\Pipes">
          <metrics complexity="5" methods="1" coveredmethods="0" conditionals="0" coveredconditionals="0" statements="12" coveredstatements="11" elements="13" coveredelements="11"/>
        </class>
        <line num="15" type="method" name="handle" visibility="public" complexity="5" crap="5.01" count="31"/>
        <line num="17" type="stmt" count="31"/>
        <line num="19" type="stmt" count="31"/>
        <line num="20" type="stmt" count="31"/>
        <line num="22" type="stmt" count="31"/>
        <line num="23" type="stmt" count="11"/>
        <line num="26" type="stmt" count="31"/>
        <line num="28" type="stmt" count="2"/>
        <line num="29" type="stmt" count="2"/>
        <line num="30" type="stmt" count="2"/>
        <line num="31" type="stmt" count="2"/>
        <line num="32" type="stmt" count="0"/>
        <line num="36" type="stmt" count="31"/>
        <metrics loc="39" ncloc="36" classes="1" methods="1" coveredmethods="0" conditionals="0" coveredconditionals="0" statements="12" coveredstatements="11" elements="13" coveredelements="11"/>
      </file>
      <file name="/Users/faroukbraik/Dev/php-dto/src/Pipelines/DeserializePipeline/Pipes/ResolveDefaultDataPipe.php">
        <class name="Nuxtifyts\PhpDto\Pipelines\DeserializePipeline\Pipes\ResolveDefaultDataPipe" namespace="Nuxtifyts\PhpDto\Pipelines\DeserializePipeline\Pipes">
[...]
        <line num="28" type="stmt" count="11"/>
        <line num="29" type="stmt" count="1"/>
        <line num="32" type="stmt" count="10"/>
        <line num="33" type="stmt" count="10"/>
        <line num="35" type="stmt" count="10"/>
        <line num="37" type="stmt" count="10"/>
        <line num="38" type="stmt" count="10"/>
        <line num="40" type="stmt" count="10"/>
        <line num="41" type="stmt" count="10"/>
        <line num="44" type="stmt" count="1"/>
        <line num="47" type="stmt" count="0"/>
        <line num="52" type="stmt" count="0"/>
        <line num="60" type="method" name="deserializeItem" visibility="protected" complexity="9" crap="9.08" count="11"/>
        <line num="62" type="stmt" count="11"/>
        <line num="63" type="stmt" count="10"/>
        <line num="65" type="stmt" count="10"/>
        <line num="67" type="stmt" count="10"/>
        <line num="68" type="stmt" count="10"/>
        <line num="70" type="stmt" count="1"/>
        <line num="73" type="stmt" count="0"/>
        <line num="78" type="stmt" count="1"/>
        <line num="79" type="stmt" count="1"/>
        <line num="80" type="stmt" count="1"/>
        <metrics loc="83" ncloc="73" classes="1" methods="3" coveredmethods="1" conditionals="0" coveredconditionals="0" statements="25" coveredstatements="22" elements="28" coveredelements="23"/>
      </file>
      <file name="/Users/faroukbraik/Dev/php-dto/src/Serializers/BackedEnumSerializer.php">
        <class name="Nuxtifyts\PhpDto\Serializers\BackedEnumSerializer" namespace="Nuxtifyts\PhpDto\Serializers">
          <metrics complexity="19" methods="3" coveredmethods="2" conditionals="0" coveredconditionals="0" statements="30" coveredstatements="28" elements="33" coveredelements="30"/>
        </class>
        <line num="18" type="method" name="supportedTypes" visibility="public" complexity="1" crap="1" count="35"/>
        <line num="20" type="stmt" count="35"/>
        <line num="21" type="stmt" count="35"/>
        <line num="22" type="stmt" count="35"/>
        <line num="28" type="method" name="serializeItem" visibility="protected" complexity="5" crap="5" count="18"/>
        <line num="31" type="stmt" count="18"/>
        <line num="32" type="stmt" count="17"/>
        <line num="33" type="stmt" count="18"/>
        <line num="40" type="method" name="deserializeItem" visibility="protected" complexity="13" crap="13.10" count="19"/>
        <line num="42" type="stmt" count="19"/>
        <line num="43" type="stmt" count="1"/>
        <line num="44" type="stmt" count="1"/>
        <line num="45" type="stmt" count="1"/>
        <line num="49" type="stmt" count="18"/>
        <line num="50" type="stmt" count="18"/>
        <line num="51" type="stmt" count="18"/>
        <line num="53" type="stmt" count="2"/>
        <line num="56" type="stmt" count="16"/>
        <line num="57" type="stmt" count="3"/>
        <line num="59" type="stmt" count="16"/>
        <line num="61" type="stmt" count="16"/>
        <line num="62" type="stmt" count="0"/>
        <line num="65" type="stmt" count="16"/>
        <line num="66" type="stmt" count="2"/>
        <line num="67" type="stmt" count="2"/>
        <line num="69" type="stmt" count="0"/>
        <line num="73" type="stmt" count="14"/>
        <line num="75" type="stmt" count="14"/>
        <line num="76" type="stmt" count="14"/>
        <line num="77" type="stmt" count="14"/>
        <line num="79" type="stmt" count="14"/>
        <line num="80" type="stmt" count="14"/>
        <line num="89" type="stmt" count="2"/>
        <metrics loc="92" ncloc="83" classes="1" methods="3" coveredmethods="2" conditionals="0" coveredconditionals="0" statements="30" coveredstatements="28" elements="33" coveredelements="30"/>
      </file>
      <file name="/Users/faroukbraik/Dev/php-dto/src/Serializers/DataSerializer.php">
        <class name="Nuxtifyts\PhpDto\Serializers\DataSerializer" namespace="Nuxtifyts\PhpDto\Serializers">
          <metrics complexity="17" methods="3" coveredmethods="2" conditionals="0" coveredconditionals="0" statements="30" coveredstatements="28" elements="33" coveredelements="30"/>
        </class>
        <line num="20" type="method" name="supportedTypes" visibility="public" complexity="1" crap="1" count="34"/>
        <line num="22" type="stmt" count="34"/>
        <line num="23" type="stmt" count="34"/>
        <line num="24" type="stmt" count="34"/>
        <line num="32" type="method" name="serializeItem" visibility="protected" complexity="5" crap="5" count="11"/>
        <line num="34" type="stmt" count="11"/>
        <line num="35" type="stmt" count="11"/>
        <line num="37" type="stmt" count="11"/>
        <line num="39" type="stmt" count="11"/>
        <line num="40" type="stmt" count="11"/>
        <line num="46" type="method" name="deserializeItem" visibility="protected" complexity="11" crap="11.09" count="14"/>
        <line num="48" type="stmt" count="14"/>
        <line num="49" type="stmt" count="6"/>
        <line num="51" type="stmt" count="14"/>
        <line num="52" type="stmt" count="10"/>
        <line num="54" type="stmt" count="10"/>
        <line num="55" type="stmt" count="0"/>
        <line num="58" type="stmt" count="10"/>
        <line num="60" type="stmt" count="10"/>
        <line num="61" type="stmt" count="10"/>
        <line num="62" type="stmt" count="10"/>
        <line num="64" type="stmt" count="9"/>
        <line num="65" type="stmt" count="0"/>
        <line num="68" type="stmt" count="9"/>
        <line num="75" type="stmt" count="6"/>
        <line num="77" type="stmt" count="2"/>
        <line num="78" type="stmt" count="2"/>
        <line num="79" type="stmt" count="2"/>
        <line num="80" type="stmt" count="2"/>
        <line num="82" type="stmt" count="2"/>
        <line num="86" type="stmt" count="5"/>
        <line num="87" type="stmt" count="2"/>
        <line num="88" type="stmt" count="5"/>
        <metrics loc="91" ncloc="80" classes="1" methods="3" coveredmethods="2" conditionals="0" coveredconditionals="0" statements="30" coveredstatements="28" elements="33" coveredelements="30"/>
      </file>
      <file name="/Users/faroukbraik/Dev/php-dto/src/Serializers/DateTimeSerializer.php">
        <class name="Nuxtifyts\PhpDto\Serializers\DateTimeSerializer" namespace="Nuxtifyts\PhpDto\Serializers">
          <metrics complexity="18" methods="3" coveredmethods="2" conditionals="0" coveredconditionals="0" statements="29" coveredstatements="27" elements="32" coveredelements="29"/>
        </class>
        <line num="20" type="method" name="supportedTypes" visibility="public" complexity="1" crap="1" count="36"/>
        <line num="22" type="stmt" count="36"/>
        <line num="23" type="stmt" count="36"/>
        <line num="24" type="stmt" count="36"/>
        <line num="30" type="method" name="serializeItem" visibility="protected" complexity="5" crap="5" count="9"/>
        <line num="32" type="stmt" count="9"/>
        <line num="33" type="stmt" count="9"/>
        <line num="35" type="stmt" count="6"/>
        <line num="37" type="stmt" count="9"/>
        <line num="38" type="stmt" count="9"/>
        <line num="44" type="method" name="deserializeItem" visibility="protected" complexity="12" crap="12.12" count="12"/>
        <line num="46" type="stmt" count="12"/>
        <line num="47" type="stmt" count="1"/>
        <line num="49" type="stmt" count="12"/>
        <line num="50" type="stmt" count="7"/>
        <line num="52" type="stmt" count="7"/>
        <line num="53" type="stmt" count="0"/>
        <line num="56" type="stmt" count="7"/>
        <line num="57" type="stmt" count="1"/>
        <line num="60" type="stmt" count="6"/>
        <line num="62" type="stmt" count="5"/>
        <line num="63" type="stmt" count="0"/>
        <line num="66" type="stmt" count="5"/>
        <line num="73" type="stmt" count="6"/>
        <line num="74" type="stmt" count="2"/>
        <line num="75" type="stmt" count="2"/>
        <line num="76" type="stmt" count="2"/>
        <line num="77" type="stmt" count="2"/>
        <line num="78" type="stmt" count="2"/>
        <line num="82" type="stmt" count="5"/>
        <line num="83" type="stmt" count="3"/>
        <line num="84" type="stmt" count="5"/>
        <metrics loc="87" ncloc="79" classes="1" methods="3" coveredmethods="2" conditionals="0" coveredconditionals="0" statements="29" coveredstatements="27" elements="32" coveredelements="29"/>
      </file>
      <file name="/Users/faroukbraik/Dev/php-dto/src/Serializers/ScalarTypeSerializer.php">
        <class name="Nuxtifyts\PhpDto\Serializers\ScalarTypeSerializer" namespace="Nuxtifyts\PhpDto\Serializers">
          <metrics complexity="13" methods="4" coveredmethods="4" conditionals="0" coveredconditionals="0" statements="29" coveredstatements="29" elements="33" coveredelements="33"/>
        </class>
        <line num="17" type="method" name="supportedTypes" visibility="public" complexity="1" crap="1" count="19"/>
        <line num="19" type="stmt" count="19"/>
        <line num="20" type="stmt" count="19"/>
        <line num="21" type="stmt" count="19"/>
        <line num="22" type="stmt" count="19"/>
        <line num="23" type="stmt" count="19"/>
        <line num="24" type="stmt" count="19"/>
        <line num="30" type="method" name="getScalarTypeFromProperty" visibility="private" complexity="2" crap="2" count="15"/>
        <line num="33" type="stmt" count="15"/>
        <line num="34" type="stmt" count="15"/>
        <line num="35" type="stmt" count="15"/>
        <line num="36" type="stmt" count="15"/>
        <line num="37" type="stmt" count="15"/>
        <line num="43" type="method" name="serializeItem" visibility="protected" complexity="5" crap="5" count="17"/>
        <line num="45" type="stmt" count="16"/>
        <line num="46" type="stmt" count="17"/>
        <line num="48" type="stmt" count="16"/>
        <line num="49" type="stmt" count="16"/>
        <line num="50" type="stmt" count="16"/>
        <line num="51" type="stmt" count="16"/>
        <line num="53" type="stmt" count="17"/>
        <line num="54" type="stmt" count="16"/>
        <line num="60" type="method" name="deserializeItem" visibility="protected" complexity="5" crap="5" count="17"/>
        <line num="62" type="stmt" count="15"/>
        <line num="63" type="stmt" count="17"/>
        <line num="64" type="stmt" count="1"/>
        <line num="65" type="stmt" count="2"/>
        <line num="67" type="stmt" count="15"/>
        <line num="68" type="stmt" count="15"/>
        <line num="69" type="stmt" count="15"/>
        <line num="70" type="stmt" count="15"/>
        <line num="72" type="stmt" count="16"/>
        <line num="73" type="stmt" count="15"/>
        <metrics loc="76" ncloc="67" classes="1" methods="4" coveredmethods="4" conditionals="0" coveredconditionals="0" statements="29" coveredstatements="29" elements="33" coveredelements="33"/>
      </file>
      <file name="/Users/faroukbraik/Dev/php-dto/src/Serializers/Serializer.php">
        <class name="Nuxtifyts\PhpDto\Serializers\Serializer" namespace="Nuxtifyts\PhpDto\Serializers">
          <metrics complexity="3" methods="3" coveredmethods="3" conditionals="0" coveredconditionals="0" statements="7" coveredstatements="7" elements="10" coveredelements="10"/>
        </class>
        <line num="13" type="method" name="__construct" visibility="public" complexity="1" crap="1" count="46"/>
        <line num="15" type="stmt" count="46"/>
        <line num="27" type="method" name="serialize" visibility="public" complexity="1" crap="1" count="49"/>
        <line num="29" type="stmt" count="49"/>
        <line num="31" type="stmt" count="49"/>
        <line num="32" type="stmt" count="49"/>
        <line num="33" type="stmt" count="49"/>
        <line num="41" type="method" name="deserialize" visibility="public" complexity="1" crap="1" count="58"/>
        <line num="43" type="stmt" count="58"/>
        <line num="45" type="stmt" count="58"/>
        <metrics loc="58" ncloc="39" classes="1" methods="3" coveredmethods="3" conditionals="0" coveredconditionals="0" statements="7" coveredstatements="7" elements="10" coveredelements="10"/>
      </file>
    </package>
    <package name="Nuxtifyts\PhpDto\Serializers\Concerns">
      <file name="/Users/faroukbraik/Dev/php-dto/src/Serializers/Concerns/HasSerializers.php">
        <class name="Nuxtifyts\PhpDto\Serializers\Concerns\HasSerializers" namespace="Nuxtifyts\PhpDto\Serializers\Concerns">
          <metrics complexity="7" methods="3" coveredmethods="3" conditionals="0" coveredconditionals="0" statements="17" coveredstatements="17" elements="20" coveredelements="20"/>
        </class>
        <line num="26" type="method" name="getSerializersFromPropertyContext" visibility="protected" complexity="3" crap="3" count="13"/>
        <line num="29" type="stmt" count="13"/>
        <line num="31" type="stmt" count="13"/>
        <line num="32" type="stmt" count="13"/>
        <line num="33" type="stmt" count="13"/>
        <line num="34" type="stmt" count="13"/>
        <line num="35" type="stmt" count="13"/>
        <line num="36" type="stmt" count="13"/>
        <line num="37" type="stmt" count="13"/>
        <line num="48" type="method" name="getSerializersFromTypeContext" visibility="protected" complexity="3" crap="3" count="12"/>
        <line num="51" type="stmt" count="12"/>
        <line num="53" type="stmt" count="12"/>
        <line num="54" type="stmt" count="12"/>
        <line num="55" type="stmt" count="12"/>
        <line num="56" type="stmt" count="12"/>
        <line num="57" type="stmt" count="12"/>
        <line num="58" type="stmt" count="12"/>
        <line num="59" type="stmt" count="12"/>
        <line num="68" type="method" name="serializers" visibility="public" complexity="1" crap="1" count="27"/>
        <line num="70" type="stmt" count="27"/>
        <metrics loc="78" ncloc="50" classes="1" methods="3" coveredmethods="3" conditionals="0" coveredconditionals="0" statements="17" coveredstatements="17" elements="20" coveredelements="20"/>
      </file>
      <file name="/Users/faroukbraik/Dev/php-dto/src/Serializers/Concerns/SerializesArrayOfItems.php">
        <class name="Nuxtifyts\PhpDto\Serializers\Concerns\SerializesArrayOfItems" namespace="Nuxtifyts\PhpDto\Serializers\Concerns">
          <metrics complexity="6" methods="2" coveredmethods="2" conditionals="0" coveredconditionals="0" statements="15" coveredstatements="15" elements="17" coveredelements="17"/>
        </class>
        <line num="20" type="method" name="serializeArrayOfItems" visibility="public" complexity="5" crap="5" count="13"/>
        <line num="24" type="stmt" count="13"/>
        <line num="26" type="stmt" count="13"/>
        <line num="27" type="stmt" count="13"/>
        <line num="28" type="stmt" count="13"/>
        <line num="30" type="stmt" count="13"/>
        <line num="31" type="stmt" count="13"/>
        <line num="32" type="stmt" count="13"/>
        <line num="33" type="stmt" count="13"/>
        <line num="35" type="stmt" count="13"/>
        <line num="36" type="stmt" count="13"/>
        <line num="37" type="stmt" count="13"/>
        <line num="47" type="method" name="deserializeArrayOfItems" visibility="public" complexity="1" crap="1" count="14"/>
        <line num="51" type="stmt" count="14"/>
        <line num="52" type="stmt" count="14"/>
        <line num="53" type="stmt" count="14"/>
        <line num="54" type="stmt" count="14"/>
        <metrics loc="57" ncloc="42" classes="1" methods="2" coveredmethods="2" conditionals="0" coveredconditionals="0" statements="15" coveredstatements="15" elements="17" coveredelements="17"/>
      </file>
    </package>
    <file name="/Users/faroukbraik/Dev/php-dto/src/Serializers/Contracts/SerializesArrayOfItems.php">
      <metrics loc="33" ncloc="21" classes="0" methods="0" coveredmethods="0" conditionals="0" coveredconditionals="0" statements="0" coveredstatements="0" elements="0" coveredelements="0"/>
    </file>
    <package name="Nuxtifyts\PhpDto\Support">
      <file name="/Users/faroukbraik/Dev/php-dto/src/Support/Arr.php">
        <class name="Nuxtifyts\PhpDto\Support\Arr" namespace="Nuxtifyts\PhpDto\Support">
          <metrics complexity="4" methods="2" coveredmethods="2" conditionals="0" coveredconditionals="0" statements="7" coveredstatements="7" elements="9" coveredelements="9"/>
        </class>
        <line num="14" type="method" name="getArray" visibility="public" complexity="2" crap="2" count="3"/>
        <line num="16" type="stmt" count="3"/>
        <line num="18" type="stmt" count="3"/>
        <line num="25" type="method" name="isArrayOfClassStrings" visibility="public" complexity="2" crap="2" count="2"/>
        <line num="27" type="stmt" count="2"/>
        <line num="28" type="stmt" count="2"/>
        <line num="29" type="stmt" count="2"/>
        <line num="30" type="stmt" count="2"/>
        <line num="31" type="stmt" count="2"/>
        <metrics loc="34" ncloc="23" classes="1" methods="2" coveredmethods="2" conditionals="0" coveredconditionals="0" statements="7" coveredstatements="7" elements="9" coveredelements="9"/>
      </file>
      <file name="/Users/faroukbraik/Dev/php-dto/src/Support/Passable.php">
        <class name="Nuxtifyts\PhpDto\Support\Passable" namespace="Nuxtifyts\PhpDto\Support">
          <metrics complexity="0" methods="0" coveredmethods="0" conditionals="0" coveredconditionals="0" statements="0" coveredstatements="0" elements="0" coveredelements="0"/>
        </class>
        <metrics loc="8" ncloc="8" classes="0" methods="0" coveredmethods="0" conditionals="0" coveredconditionals="0" statements="0" coveredstatements="0" elements="0" coveredelements="0"/>
      </file>
      <file name="/Users/faroukbraik/Dev/php-dto/src/Support/Pipe.php">
        <class name="Nuxtifyts\PhpDto\Support\Pipe" namespace="Nuxtifyts\PhpDto\Support">
          <metrics complexity="1" methods="1" coveredmethods="1" conditionals="0" coveredconditionals="0" statements="1" coveredstatements="1" elements="2" coveredelements="2"/>
        </class>
        <line num="12" type="method" name="__construct" visibility="public" complexity="1" crap="1" count="41"/>
        <metrics loc="23" ncloc="13" classes="1" methods="1" coveredmethods="1" conditionals="0" coveredconditionals="0" statements="1" coveredstatements="1" elements="2" coveredelements="2"/>
      </file>
      <file name="/Users/faroukbraik/Dev/php-dto/src/Support/Pipeline.php">
        <class name="Nuxtifyts\PhpDto\Support\Pipeline" namespace="Nuxtifyts\PhpDto\Support">
          <metrics complexity="4" methods="3" coveredmethods="3" conditionals="0" coveredconditionals="0" statements="6" coveredstatements="6" elements="9" coveredelements="9"/>
        </class>
        <line num="18" type="method" name="__construct" visibility="public" complexity="1" crap="1" count="29"/>
        <line num="21" type="stmt" count="29"/>
        <line num="26" type="method" name="through" visibility="public" complexity="1" crap="1" count="29"/>
        <line num="28" type="stmt" count="29"/>
        <line num="30" type="stmt" count="29"/>
        <line num="38" type="method" name="sendThenReturn" visibility="public" complexity="2" crap="2" count="29"/>
        <line num="40" type="stmt" count="29"/>
        <line num="41" type="stmt" count="29"/>
        <line num="44" type="stmt" count="29"/>
        <metrics loc="47" ncloc="30" classes="1" methods="3" coveredmethods="3" conditionals="0" coveredconditionals="0" statements="6" coveredstatements="6" elements="9" coveredelements="9"/>
      </file>
    </package>
    <metrics files="67" loc="3687" ncloc="3107" classes="55" methods="147" coveredmethods="115" conditionals="0" coveredconditionals="0" statements="969" coveredstatements="882" elements="1116" coveredelements="997"/>
  </project>
</coverage>
